Log file open, 07/12/19 14:36:56
LogWindows: Failed to load 'aqProf.dll' (GetLastError=126)
LogWindows: File 'aqProf.dll' does not exist
LogWindows: Failed to load 'VtuneApi.dll' (GetLastError=126)
LogWindows: File 'VtuneApi.dll' does not exist
LogWindows: Failed to load 'VtuneApi32e.dll' (GetLastError=126)
LogWindows: File 'VtuneApi32e.dll' does not exist
LogConsoleResponse: Display: Failed to find resolution value strings in scalability ini. Falling back to default.
LogInit: Display: Running engine for game: AR_Elicitation
LogPakFile: Registered encryption key '00000000000000000000000000000000': 0 pak files mounted, 0 remain pending
LogPlatformFile: Not using cached read wrapper
LogTaskGraph: Started task graph with 5 named threads and 35 total threads with 3 sets of task threads.
LogStats: Stats thread started at 0.397388
LogD3D11RHI: Loaded GFSDK_Aftermath_Lib.x64.dll
LogICUInternationalization: ICU TimeZone Detection - Raw Offset: -7:00, Platform Override: ''
LogPluginManager: Mounting plugin Paper2D
LogPluginManager: Mounting plugin AISupport
LogPluginManager: Mounting plugin LightPropagationVolume
LogPluginManager: Mounting plugin ActorLayerUtilities
LogPluginManager: Mounting plugin CLionSourceCodeAccess
LogPluginManager: Mounting plugin CodeLiteSourceCodeAccess
LogPluginManager: Mounting plugin GitSourceControl
LogPluginManager: Mounting plugin KDevelopSourceCodeAccess
LogPluginManager: Mounting plugin NullSourceCodeAccess
LogPluginManager: Mounting plugin PerforceSourceControl
LogPluginManager: Mounting plugin SubversionSourceControl
LogPluginManager: Mounting plugin UObjectPlugin
LogPluginManager: Mounting plugin VisualStudioCodeSourceCodeAccess
LogPluginManager: Mounting plugin VisualStudioSourceCodeAccess
LogPluginManager: Mounting plugin XCodeSourceCodeAccess
LogPluginManager: Mounting plugin AssetManagerEditor
LogPluginManager: Mounting plugin CryptoKeys
LogPluginManager: Mounting plugin DataValidation
LogPluginManager: Mounting plugin FacialAnimation
LogPluginManager: Mounting plugin GameplayTagsEditor
LogPluginManager: Mounting plugin MacGraphicsSwitching
LogPluginManager: Mounting plugin MeshEditor
LogPluginManager: Mounting plugin MobileLauncherProfileWizard
LogPluginManager: Mounting plugin PluginBrowser
LogPluginManager: Mounting plugin SpeedTreeImporter
LogPluginManager: Mounting plugin DatasmithContent
LogPluginManager: Mounting plugin VariantManagerContent
LogPluginManager: Mounting plugin AlembicImporter
LogPluginManager: Mounting plugin AppleImageUtils
LogPluginManager: Mounting plugin AppleVision
LogPluginManager: Mounting plugin BackChannel
LogPluginManager: Mounting plugin CharacterAI
LogPluginManager: Mounting plugin GeometryCache
LogPluginManager: Mounting plugin HTML5Networking
LogPluginManager: Mounting plugin ProxyLODPlugin
LogPluginManager: Mounting plugin SkeletalReduction
LogPluginManager: Mounting plugin MagicLeap
LogPluginManager: Mounting plugin MagicLeapMedia
LogPluginManager: Mounting plugin AndroidMedia
LogPluginManager: Mounting plugin AvfMedia
LogPluginManager: Mounting plugin ImgMedia
LogPluginManager: Mounting plugin LinearTimecode
LogPluginManager: Mounting plugin MediaCompositing
LogPluginManager: Mounting plugin MediaPlayerEditor
LogPluginManager: Mounting plugin WebMMedia
LogPluginManager: Mounting plugin WmfMedia
LogPluginManager: Mounting plugin TcpMessaging
LogPluginManager: Mounting plugin UdpMessaging
LogPluginManager: Mounting plugin ActorSequence
LogPluginManager: Mounting plugin LevelSequenceEditor
LogPluginManager: Mounting plugin MatineeToLevelSequence
LogPluginManager: Mounting plugin NetcodeUnitTest
LogPluginManager: Mounting plugin NUTUnrealEngine4
LogPluginManager: Mounting plugin OnlineSubsystemGooglePlay
LogPluginManager: Mounting plugin OnlineSubsystemIOS
LogPluginManager: Mounting plugin OnlineSubsystem
LogPluginManager: Mounting plugin OnlineSubsystemNull
LogPluginManager: Mounting plugin OnlineSubsystemUtils
LogPluginManager: Mounting plugin LauncherChunkInstaller
LogPluginManager: Mounting plugin AndroidDeviceProfileSelector
LogPluginManager: Mounting plugin AndroidMoviePlayer
LogPluginManager: Mounting plugin AndroidPermission
LogPluginManager: Mounting plugin AppleMoviePlayer
LogPluginManager: Mounting plugin ArchVisCharacter
LogPluginManager: Mounting plugin AudioCapture
LogPluginManager: Mounting plugin CableComponent
LogPluginManager: Mounting plugin CustomMeshComponent
LogPluginManager: Mounting plugin EditableMesh
LogPluginManager: Mounting plugin ExampleDeviceProfileSelector
LogPluginManager: Mounting plugin Firebase
LogPluginManager: Mounting plugin GoogleCloudMessaging
LogPluginManager: Mounting plugin IOSDeviceProfileSelector
LogPluginManager: Mounting plugin LinuxDeviceProfileSelector
LogPluginManager: Mounting plugin LocationServicesBPLibrary
LogPluginManager: Mounting plugin MobilePatchingUtils
LogPluginManager: Mounting plugin OculusVR
LogPluginManager: Mounting plugin PhysXVehicles
LogPluginManager: Mounting plugin ProceduralMeshComponent
LogPluginManager: Mounting plugin RuntimePhysXCooking
LogPluginManager: Mounting plugin SteamVR
LogPluginManager: Mounting plugin WebMMoviePlayer
LogPluginManager: Mounting plugin WindowsMoviePlayer
LogMagicLeapAPISetup: Display: Dll loaded: C:\Users\NuiLab01\MagicLeap\mlsdk\v0.20.0/lib/win64/ml_perception_client.dll
LogMagicLeapAPISetup: Display: Dll loaded: C:\Users\NuiLab01\MagicLeap\mlsdk\v0.20.0/VirtualDevice/lib/ml_perception_client.dll
LogMagicLeapAPISetup: Display: Dll loaded: C:\Users\NuiLab01\MagicLeap\mlsdk\v0.20.0/VirtualDevice/lib/ml_graphics.dll
LogMagicLeapAPISetup: Display: Dll loaded: C:\Users\NuiLab01\MagicLeap\mlsdk\v0.20.0/VirtualDevice/lib/ml_lifecycle.dll
LogWindows: Failed to load 'C:\Users\NuiLab01\MagicLeap\mlsdk\v0.20.0/VirtualDevice/lib/ml_privileges.dll' (GetLastError=126)
LogWindows: File 'C:\Users\NuiLab01\MagicLeap\mlsdk\v0.20.0/VirtualDevice/lib/ml_privileges.dll' does not exist
LogWindows: Failed to load 'C:\Users\NuiLab01\MagicLeap\mlsdk\v0.20.0/VirtualDevice/bin/ml_privileges.dll' (GetLastError=126)
LogWindows: File 'C:\Users\NuiLab01\MagicLeap\mlsdk\v0.20.0/VirtualDevice/bin/ml_privileges.dll' does not exist
LogMagicLeapAPISetup: Display: Dll loaded: C:\Users\NuiLab01\MagicLeap\mlsdk\v0.20.0/lib/win64/ml_privileges.dll
LogMagicLeapAPISetup: Display: Dll loaded: C:\Users\NuiLab01\MagicLeap\mlsdk\v0.20.0/VirtualDevice/lib/ml_platform.dll
LogMagicLeapAPISetup: Display: Dll loaded: C:\Users\NuiLab01\MagicLeap\mlsdk\v0.20.0/VirtualDevice/lib/ml_remote.dll
LogMagicLeap: ML VDZI mode enabled. Using Vulkan renderer.
LogMagicLeapAPISetup: Display: Dll loaded: C:\Users\NuiLab01\MagicLeap\mlsdk\v0.20.0/VirtualDevice/lib/ml_input.dll
LogMagicLeapAPISetup: Display: Dll loaded: C:\Users\NuiLab01\MagicLeap\mlsdk\v0.20.0/lib/win64/ml_secure_storage.dll
LogMagicLeapAPISetup: Display: Dll loaded: C:\Users\NuiLab01\MagicLeap\mlsdk\v0.20.0/lib/win64/ml_identity.dll
LogInit: Using libcurl 7.55.1-DEV
LogInit:  - built for x86_64-pc-win32
LogInit:  - supports SSL with OpenSSL/1.0.2h
LogInit:  - supports HTTP deflate (compression) using libz 1.2.8
LogInit:  - other features:
LogInit:      CURL_VERSION_SSL
LogInit:      CURL_VERSION_LIBZ
LogInit:      CURL_VERSION_IPV6
LogInit:      CURL_VERSION_ASYNCHDNS
LogInit:      CURL_VERSION_LARGEFILE
LogInit:      CURL_VERSION_IDN
LogInit:  CurlRequestOptions (configurable via config and command line):
LogInit:  - bVerifyPeer = true  - Libcurl will verify peer certificate
LogInit:  - bUseHttpProxy = false  - Libcurl will NOT use HTTP proxy
LogInit:  - bDontReuseConnections = false  - Libcurl will reuse connections
LogInit:  - MaxHostConnections = 16  - Libcurl will limit the number of connections to a host
LogInit:  - LocalHostAddr = Default
LogInit:  - BufferSize = 65536
LogInit: WinSock: version 1.1 (2.2), MaxSocks=32767, MaxUdp=65467
LogInit: Build: UE4-CL-0
LogInit: Engine Version: 4.22.0-0+UE4
LogInit: Compatible Engine Version: 4.22.0-0+UE4
LogInit: Net CL: 0
LogInit: OS: Windows 10 (), CPU: Intel(R) Core(TM) i7-8700K CPU @ 3.70GHz, GPU: NVIDIA GeForce GTX 1080
LogInit: Compiled (64-bit): Apr 11 2019 10:22:51
LogInit: Compiled with Visual C++: 19.16.27026.01
LogInit: Build Configuration: Development
LogInit: Branch Name: UE4
LogInit: Command Line:  -vulkan 
LogInit: Base Directory: C:/ML_Unreal_0.20/UnrealEngine-dev-magicleap-mlsdk-0.20.0/Engine/Binaries/Win64/
LogInit: Installed Engine Build: 0
LogDevObjectVersion: Number of dev versions registered: 22
LogDevObjectVersion:   Dev-Blueprints (B0D832E4-1F89-4F0D-ACCF-7EB736FD4AA2): 10
LogDevObjectVersion:   Dev-Build (E1C64328-A22C-4D53-A36C-8E866417BD8C): 0
LogDevObjectVersion:   Dev-Core (375EC13C-06E4-48FB-B500-84F0262A717E): 2
LogDevObjectVersion:   Dev-Editor (E4B068ED-F494-42E9-A231-DA0B2E46BB41): 26
LogDevObjectVersion:   Dev-Framework (CFFC743F-43B0-4480-9391-14DF171D2073): 34
LogDevObjectVersion:   Dev-Mobile (B02B49B5-BB20-44E9-A304-32B752E40360): 2
LogDevObjectVersion:   Dev-Networking (A4E4105C-59A1-49B5-A7C5-40C4547EDFEE): 0
LogDevObjectVersion:   Dev-Online (39C831C9-5AE6-47DC-9A44-9C173E1C8E7C): 0
LogDevObjectVersion:   Dev-Physics (78F01B33-EBEA-4F98-B9B4-84EACCB95AA2): 0
LogDevObjectVersion:   Dev-Platform (6631380F-2D4D-43E0-8009-CF276956A95A): 0
LogDevObjectVersion:   Dev-Rendering (12F88B9F-8875-4AFC-A67C-D90C383ABD29): 27
LogDevObjectVersion:   Dev-Sequencer (7B5AE74C-D270-4C10-A958-57980B212A5A): 10
LogDevObjectVersion:   Dev-VR (D7296918-1DD6-4BDD-9DE2-64A83CC13884): 2
LogDevObjectVersion:   Dev-LoadTimes (C2A15278-BFE7-4AFE-6C17-90FF531DF755): 1
LogDevObjectVersion:   Private-Geometry (6EACA3D4-40EC-4CC1-B786-8BED09428FC5): 3
LogDevObjectVersion:   Dev-AnimPhys (29E575DD-E0A3-4627-9D10-D276232CDCEA): 17
LogDevObjectVersion:   Dev-Anim (AF43A65D-7FD3-4947-9873-3E8ED9C1BB05): 2
LogDevObjectVersion:   Dev-ReflectionCapture (6B266CEC-1EC7-4B8F-A30B-E4D90942FC07): 1
LogDevObjectVersion:   Dev-Automation (0DF73D61-A23F-47EA-B727-89E90C41499A): 1
LogDevObjectVersion:   FortniteMain (601D1886-AC64-4F84-AA16-D3DE0DEAC7D6): 22
LogDevObjectVersion:   Dev-Enterprise (9DFFBCD6-494F-0158-E221-12823C92A888): 4
LogDevObjectVersion:   Dev-Niagara (F2AED0AC-9AFE-416F-8664-AA7FFA26D6FC): 1
LogInit: Presizing for max 16777216 objects, including 0 objects not considered by GC, pre-allocating 0 bytes for permanent pool.
LogInit: Object subsystem initialized
LogConfig: Setting CVar [[con.DebugEarlyDefault:1]]
LogConfig: Setting CVar [[r.setres:1280x720]]
[2019.07.12-20.36.56:449][  0]LogConfig: Setting CVar [[r.VSync:0]]
[2019.07.12-20.36.56:449][  0]LogConfig: Setting CVar [[r.RHICmdBypass:0]]
[2019.07.12-20.36.56:449][  0]LogConfig: Applying CVar settings from Section [/Script/Engine.RendererSettings] File [C:/Users/NuiLab01/Documents/Unreal Projects/AR_Elicitation/AR_Elicitation_Study/AR_Elicitation/Saved/Config/Windows/Engine.ini]
[2019.07.12-20.36.56:449][  0]LogConfig: Setting CVar [[r.GPUCrashDebugging:0]]
[2019.07.12-20.36.56:449][  0]LogConfig: Applying CVar settings from Section [/Script/Engine.RendererOverrideSettings] File [C:/Users/NuiLab01/Documents/Unreal Projects/AR_Elicitation/AR_Elicitation_Study/AR_Elicitation/Saved/Config/Windows/Engine.ini]
[2019.07.12-20.36.56:449][  0]LogConfig: Applying CVar settings from Section [/Script/Engine.StreamingSettings] File [C:/Users/NuiLab01/Documents/Unreal Projects/AR_Elicitation/AR_Elicitation_Study/AR_Elicitation/Saved/Config/Windows/Engine.ini]
[2019.07.12-20.36.56:449][  0]LogConfig: Setting CVar [[s.MinBulkDataSizeForAsyncLoading:131072]]
[2019.07.12-20.36.56:449][  0]LogConfig: Setting CVar [[s.AsyncLoadingThreadEnabled:0]]
[2019.07.12-20.36.56:449][  0]LogConfig: Setting CVar [[s.EventDrivenLoaderEnabled:1]]
[2019.07.12-20.36.56:449][  0]LogConfig: Setting CVar [[s.WarnIfTimeLimitExceeded:0]]
[2019.07.12-20.36.56:449][  0]LogConfig: Setting CVar [[s.TimeLimitExceededMultiplier:1.5]]
[2019.07.12-20.36.56:449][  0]LogConfig: Setting CVar [[s.TimeLimitExceededMinTime:0.005]]
[2019.07.12-20.36.56:449][  0]LogConfig: Setting CVar [[s.UseBackgroundLevelStreaming:1]]
[2019.07.12-20.36.56:449][  0]LogConfig: Setting CVar [[s.PriorityAsyncLoadingExtraTime:15.0]]
[2019.07.12-20.36.56:450][  0]LogConfig: Setting CVar [[s.LevelStreamingActorsUpdateTimeLimit:5.0]]
[2019.07.12-20.36.56:450][  0]LogConfig: Setting CVar [[s.PriorityLevelStreamingActorsUpdateExtraTime:5.0]]
[2019.07.12-20.36.56:450][  0]LogConfig: Setting CVar [[s.LevelStreamingComponentsRegistrationGranularity:10]]
[2019.07.12-20.36.56:450][  0]LogConfig: Setting CVar [[s.UnregisterComponentsTimeLimit:1.0]]
[2019.07.12-20.36.56:450][  0]LogConfig: Setting CVar [[s.LevelStreamingComponentsUnregistrationGranularity:5]]
[2019.07.12-20.36.56:450][  0]LogConfig: Applying CVar settings from Section [/Script/Engine.GarbageCollectionSettings] File [C:/Users/NuiLab01/Documents/Unreal Projects/AR_Elicitation/AR_Elicitation_Study/AR_Elicitation/Saved/Config/Windows/Engine.ini]
[2019.07.12-20.36.56:450][  0]LogConfig: Setting CVar [[gc.MaxObjectsNotConsideredByGC:1]]
[2019.07.12-20.36.56:450][  0]LogConfig: Setting CVar [[gc.SizeOfPermanentObjectPool:0]]
[2019.07.12-20.36.56:450][  0]LogConfig: Setting CVar [[gc.FlushStreamingOnGC:0]]
[2019.07.12-20.36.56:450][  0]LogConfig: Setting CVar [[gc.NumRetriesBeforeForcingGC:10]]
[2019.07.12-20.36.56:450][  0]LogConfig: Setting CVar [[gc.AllowParallelGC:1]]
[2019.07.12-20.36.56:450][  0]LogConfig: Setting CVar [[gc.TimeBetweenPurgingPendingKillObjects:61.1]]
[2019.07.12-20.36.56:450][  0]LogConfig: Setting CVar [[gc.MaxObjectsInEditor:16777216]]
[2019.07.12-20.36.56:450][  0]LogConfig: Setting CVar [[gc.IncrementalBeginDestroyEnabled:1]]
[2019.07.12-20.36.56:450][  0]LogConfig: Setting CVar [[gc.CreateGCClusters:1]]
[2019.07.12-20.36.56:450][  0]LogConfig: Setting CVar [[gc.MergeGCClusters:0]]
[2019.07.12-20.36.56:450][  0]LogConfig: Setting CVar [[gc.MinGCClusterSize:5]]
[2019.07.12-20.36.56:450][  0]LogConfig: Setting CVar [[gc.ActorClusteringEnabled:0]]
[2019.07.12-20.36.56:450][  0]LogConfig: Setting CVar [[gc.BlueprintClusteringEnabled:0]]
[2019.07.12-20.36.56:450][  0]LogConfig: Setting CVar [[gc.UseDisregardForGCOnDedicatedServers:0]]
[2019.07.12-20.36.56:450][  0]LogConfig: Applying CVar settings from Section [/Script/Engine.NetworkSettings] File [C:/Users/NuiLab01/Documents/Unreal Projects/AR_Elicitation/AR_Elicitation_Study/AR_Elicitation/Saved/Config/Windows/Engine.ini]
[2019.07.12-20.36.56:450][  0]LogConfig: Applying CVar settings from Section [/Script/UnrealEd.CookerSettings] File [C:/Users/NuiLab01/Documents/Unreal Projects/AR_Elicitation/AR_Elicitation_Study/AR_Elicitation/Saved/Config/Windows/Engine.ini]
[2019.07.12-20.36.56:454][  0]LogConfig: Applying CVar settings from Section [ViewDistanceQuality@3] File [C:/Users/NuiLab01/Documents/Unreal Projects/AR_Elicitation/AR_Elicitation_Study/AR_Elicitation/Saved/Config/Windows/Scalability.ini]
[2019.07.12-20.36.56:454][  0]LogConfig: Setting CVar [[r.SkeletalMeshLODBias:0]]
[2019.07.12-20.36.56:454][  0]LogConfig: Setting CVar [[r.ViewDistanceScale:1.0]]
[2019.07.12-20.36.56:454][  0]LogConfig: Applying CVar settings from Section [AntiAliasingQuality@3] File [C:/Users/NuiLab01/Documents/Unreal Projects/AR_Elicitation/AR_Elicitation_Study/AR_Elicitation/Saved/Config/Windows/Scalability.ini]
[2019.07.12-20.36.56:454][  0]LogConfig: Setting CVar [[r.PostProcessAAQuality:4]]
[2019.07.12-20.36.56:454][  0]LogConfig: Applying CVar settings from Section [ShadowQuality@3] File [C:/Users/NuiLab01/Documents/Unreal Projects/AR_Elicitation/AR_Elicitation_Study/AR_Elicitation/Saved/Config/Windows/Scalability.ini]
[2019.07.12-20.36.56:454][  0]LogConfig: Setting CVar [[r.LightFunctionQuality:1]]
[2019.07.12-20.36.56:454][  0]LogConfig: Setting CVar [[r.ShadowQuality:5]]
[2019.07.12-20.36.56:454][  0]LogConfig: Setting CVar [[r.Shadow.CSM.MaxCascades:10]]
[2019.07.12-20.36.56:454][  0]LogConfig: Setting CVar [[r.Shadow.MaxResolution:2048]]
[2019.07.12-20.36.56:454][  0]LogConfig: Setting CVar [[r.Shadow.MaxCSMResolution:2048]]
[2019.07.12-20.36.56:454][  0]LogConfig: Setting CVar [[r.Shadow.RadiusThreshold:0.01]]
[2019.07.12-20.36.56:454][  0]LogConfig: Setting CVar [[r.Shadow.DistanceScale:1.0]]
[2019.07.12-20.36.56:454][  0]LogConfig: Setting CVar [[r.Shadow.CSM.TransitionScale:1.0]]
[2019.07.12-20.36.56:454][  0]LogConfig: Setting CVar [[r.Shadow.PreShadowResolutionFactor:1.0]]
[2019.07.12-20.36.56:454][  0]LogConfig: Setting CVar [[r.DistanceFieldShadowing:1]]
[2019.07.12-20.36.56:454][  0]LogConfig: Setting CVar [[r.DistanceFieldAO:1]]
[2019.07.12-20.36.56:454][  0]LogConfig: Setting CVar [[r.AOQuality:2]]
[2019.07.12-20.36.56:454][  0]LogConfig: Setting CVar [[r.VolumetricFog:1]]
[2019.07.12-20.36.56:454][  0]LogConfig: Setting CVar [[r.VolumetricFog.GridPixelSize:8]]
[2019.07.12-20.36.56:454][  0]LogConfig: Setting CVar [[r.VolumetricFog.GridSizeZ:128]]
[2019.07.12-20.36.56:454][  0]LogConfig: Setting CVar [[r.VolumetricFog.HistoryMissSupersampleCount:4]]
[2019.07.12-20.36.56:454][  0]LogConfig: Setting CVar [[r.LightMaxDrawDistanceScale:1]]
[2019.07.12-20.36.56:454][  0]LogConfig: Setting CVar [[r.CapsuleShadows:1]]
[2019.07.12-20.36.56:454][  0]LogConfig: Applying CVar settings from Section [PostProcessQuality@3] File [C:/Users/NuiLab01/Documents/Unreal Projects/AR_Elicitation/AR_Elicitation_Study/AR_Elicitation/Saved/Config/Windows/Scalability.ini]
[2019.07.12-20.36.56:454][  0]LogConfig: Setting CVar [[r.MotionBlurQuality:4]]
[2019.07.12-20.36.56:454][  0]LogConfig: Setting CVar [[r.AmbientOcclusionMipLevelFactor:0.4]]
[2019.07.12-20.36.56:454][  0]LogConfig: Setting CVar [[r.AmbientOcclusionMaxQuality:100]]
[2019.07.12-20.36.56:454][  0]LogConfig: Setting CVar [[r.AmbientOcclusionLevels:-1]]
[2019.07.12-20.36.56:454][  0]LogConfig: Setting CVar [[r.AmbientOcclusionRadiusScale:1.0]]
[2019.07.12-20.36.56:454][  0]LogConfig: Setting CVar [[r.DepthOfFieldQuality:2]]
[2019.07.12-20.36.56:454][  0]LogConfig: Setting CVar [[r.RenderTargetPoolMin:400]]
[2019.07.12-20.36.56:454][  0]LogConfig: Setting CVar [[r.LensFlareQuality:2]]
[2019.07.12-20.36.56:454][  0]LogConfig: Setting CVar [[r.SceneColorFringeQuality:1]]
[2019.07.12-20.36.56:454][  0]LogConfig: Setting CVar [[r.EyeAdaptationQuality:2]]
[2019.07.12-20.36.56:454][  0]LogConfig: Setting CVar [[r.BloomQuality:5]]
[2019.07.12-20.36.56:454][  0]LogConfig: Setting CVar [[r.FastBlurThreshold:100]]
[2019.07.12-20.36.56:454][  0]LogConfig: Setting CVar [[r.Upscale.Quality:3]]
[2019.07.12-20.36.56:454][  0]LogConfig: Setting CVar [[r.Tonemapper.GrainQuantization:1]]
[2019.07.12-20.36.56:454][  0]LogConfig: Setting CVar [[r.LightShaftQuality:1]]
[2019.07.12-20.36.56:454][  0]LogConfig: Setting CVar [[r.Filter.SizeScale:1]]
[2019.07.12-20.36.56:454][  0]LogConfig: Setting CVar [[r.Tonemapper.Quality:5]]
[2019.07.12-20.36.56:454][  0]LogConfig: Setting CVar [[r.DOF.Gather.AccumulatorQuality:1        ; higher gathering accumulator quality]]
[2019.07.12-20.36.56:454][  0]LogConfig: Setting CVar [[r.DOF.Gather.PostfilterMethod:1          ; Median3x3 postfilering method]]
[2019.07.12-20.36.56:454][  0]LogConfig: Setting CVar [[r.DOF.Gather.EnableBokehSettings:0       ; no bokeh simulation when gathering]]
[2019.07.12-20.36.56:454][  0]LogConfig: Setting CVar [[r.DOF.Gather.RingCount:4                 ; medium number of samples when gathering]]
[2019.07.12-20.36.56:454][  0]LogConfig: Setting CVar [[r.DOF.Scatter.ForegroundCompositing:1    ; additive foreground scattering]]
[2019.07.12-20.36.56:454][  0]LogConfig: Setting CVar [[r.DOF.Scatter.BackgroundCompositing:2    ; additive background scattering]]
[2019.07.12-20.36.56:454][  0]LogConfig: Setting CVar [[r.DOF.Scatter.EnableBokehSettings:1      ; bokeh simulation when scattering]]
[2019.07.12-20.36.56:454][  0]LogConfig: Setting CVar [[r.DOF.Scatter.MaxSpriteRatio:0.1         ; only a maximum of 10% of scattered bokeh]]
[2019.07.12-20.36.56:454][  0]LogConfig: Setting CVar [[r.DOF.Recombine.Quality:1                ; cheap slight out of focus]]
[2019.07.12-20.36.56:454][  0]LogConfig: Setting CVar [[r.DOF.Recombine.EnableBokehSettings:0    ; no bokeh simulation on slight out of focus]]
[2019.07.12-20.36.56:454][  0]LogConfig: Setting CVar [[r.DOF.TemporalAAQuality:1                ; more stable temporal accumulation]]
[2019.07.12-20.36.56:454][  0]LogConfig: Setting CVar [[r.DOF.Kernel.MaxForegroundRadius:0.025]]
[2019.07.12-20.36.56:454][  0]LogConfig: Setting CVar [[r.DOF.Kernel.MaxBackgroundRadius:0.025]]
[2019.07.12-20.36.56:454][  0]LogConfig: Applying CVar settings from Section [TextureQuality@3] File [C:/Users/NuiLab01/Documents/Unreal Projects/AR_Elicitation/AR_Elicitation_Study/AR_Elicitation/Saved/Config/Windows/Scalability.ini]
[2019.07.12-20.36.56:454][  0]LogConfig: Setting CVar [[r.Streaming.MipBias:0]]
[2019.07.12-20.36.56:454][  0]LogConfig: Setting CVar [[r.Streaming.AmortizeCPUToGPUCopy:0]]
[2019.07.12-20.36.56:454][  0]LogConfig: Setting CVar [[r.Streaming.MaxNumTexturesToStreamPerFrame:0]]
[2019.07.12-20.36.56:454][  0]LogConfig: Setting CVar [[r.Streaming.Boost:1]]
[2019.07.12-20.36.56:454][  0]LogConfig: Setting CVar [[r.MaxAnisotropy:8]]
[2019.07.12-20.36.56:454][  0]LogConfig: Setting CVar [[r.Streaming.LimitPoolSizeToVRAM:0]]
[2019.07.12-20.36.56:454][  0]LogConfig: Setting CVar [[r.Streaming.PoolSize:1000]]
[2019.07.12-20.36.56:454][  0]LogConfig: Setting CVar [[r.Streaming.MaxEffectiveScreenSize:0]]
[2019.07.12-20.36.56:454][  0]LogConfig: Applying CVar settings from Section [EffectsQuality@3] File [C:/Users/NuiLab01/Documents/Unreal Projects/AR_Elicitation/AR_Elicitation_Study/AR_Elicitation/Saved/Config/Windows/Scalability.ini]
[2019.07.12-20.36.56:454][  0]LogConfig: Setting CVar [[r.TranslucencyLightingVolumeDim:64]]
[2019.07.12-20.36.56:454][  0]LogConfig: Setting CVar [[r.RefractionQuality:2]]
[2019.07.12-20.36.56:454][  0]LogConfig: Setting CVar [[r.SSR.Quality:3]]
[2019.07.12-20.36.56:454][  0]LogConfig: Setting CVar [[r.SceneColorFormat:4]]
[2019.07.12-20.36.56:454][  0]LogConfig: Setting CVar [[r.DetailMode:2]]
[2019.07.12-20.36.56:454][  0]LogConfig: Setting CVar [[r.TranslucencyVolumeBlur:1]]
[2019.07.12-20.36.56:454][  0]LogConfig: Setting CVar [[r.MaterialQualityLevel:1 ; High quality]]
[2019.07.12-20.36.56:454][  0]LogConfig: Setting CVar [[r.SSS.Scale:1]]
[2019.07.12-20.36.56:454][  0]LogConfig: Setting CVar [[r.SSS.SampleSet:2]]
[2019.07.12-20.36.56:454][  0]LogConfig: Setting CVar [[r.SSS.Quality:1]]
[2019.07.12-20.36.56:454][  0]LogConfig: Setting CVar [[r.SSS.HalfRes:1]]
[2019.07.12-20.36.56:454][  0]LogConfig: Setting CVar [[r.EmitterSpawnRateScale:1.0]]
[2019.07.12-20.36.56:454][  0]LogConfig: Setting CVar [[r.ParticleLightQuality:2]]
[2019.07.12-20.36.56:454][  0]LogConfig: Applying CVar settings from Section [FoliageQuality@3] File [C:/Users/NuiLab01/Documents/Unreal Projects/AR_Elicitation/AR_Elicitation_Study/AR_Elicitation/Saved/Config/Windows/Scalability.ini]
[2019.07.12-20.36.56:454][  0]LogConfig: Setting CVar [[foliage.DensityScale:1.0]]
[2019.07.12-20.36.56:454][  0]LogConfig: Setting CVar [[grass.DensityScale:1.0]]
[2019.07.12-20.36.56:454][  0]LogInit: Selected Device Profile: [Windows]
[2019.07.12-20.36.56:454][  0]LogInit: Applying CVar settings loaded from the selected device profile: [Windows]
[2019.07.12-20.36.56:463][  0]LogHAL: Display: Platform has ~ 32 GB [34161299456 / 34359738368 / 32], which maps to Largest [LargestMinGB=32, LargerMinGB=12, DefaultMinGB=8, SmallerMinGB=6, SmallestMinGB=0)
[2019.07.12-20.36.56:463][  0]LogConfig: Setting CVar [[r.Vulkan.UseRealUBs:1]]
[2019.07.12-20.36.56:463][  0]LogInit: Going up to parent DeviceProfile []
[2019.07.12-20.36.56:463][  0]LogConfig: Applying CVar settings from Section [ViewDistanceQuality@3] File [C:/Users/NuiLab01/Documents/Unreal Projects/AR_Elicitation/AR_Elicitation_Study/AR_Elicitation/Saved/Config/Windows/Scalability.ini]
[2019.07.12-20.36.56:463][  0]LogConfig: Setting CVar [[r.SkeletalMeshLODBias:0]]
[2019.07.12-20.36.56:463][  0]LogConfig: Setting CVar [[r.ViewDistanceScale:1.0]]
[2019.07.12-20.36.56:463][  0]LogConfig: Applying CVar settings from Section [AntiAliasingQuality@3] File [C:/Users/NuiLab01/Documents/Unreal Projects/AR_Elicitation/AR_Elicitation_Study/AR_Elicitation/Saved/Config/Windows/Scalability.ini]
[2019.07.12-20.36.56:463][  0]LogConfig: Setting CVar [[r.PostProcessAAQuality:4]]
[2019.07.12-20.36.56:463][  0]LogConfig: Applying CVar settings from Section [ShadowQuality@3] File [C:/Users/NuiLab01/Documents/Unreal Projects/AR_Elicitation/AR_Elicitation_Study/AR_Elicitation/Saved/Config/Windows/Scalability.ini]
[2019.07.12-20.36.56:463][  0]LogConfig: Setting CVar [[r.LightFunctionQuality:1]]
[2019.07.12-20.36.56:463][  0]LogConfig: Setting CVar [[r.ShadowQuality:5]]
[2019.07.12-20.36.56:463][  0]LogConfig: Setting CVar [[r.Shadow.CSM.MaxCascades:10]]
[2019.07.12-20.36.56:463][  0]LogConfig: Setting CVar [[r.Shadow.MaxResolution:2048]]
[2019.07.12-20.36.56:463][  0]LogConfig: Setting CVar [[r.Shadow.MaxCSMResolution:2048]]
[2019.07.12-20.36.56:463][  0]LogConfig: Setting CVar [[r.Shadow.RadiusThreshold:0.01]]
[2019.07.12-20.36.56:463][  0]LogConfig: Setting CVar [[r.Shadow.DistanceScale:1.0]]
[2019.07.12-20.36.56:463][  0]LogConfig: Setting CVar [[r.Shadow.CSM.TransitionScale:1.0]]
[2019.07.12-20.36.56:463][  0]LogConfig: Setting CVar [[r.Shadow.PreShadowResolutionFactor:1.0]]
[2019.07.12-20.36.56:463][  0]LogConfig: Setting CVar [[r.DistanceFieldShadowing:1]]
[2019.07.12-20.36.56:463][  0]LogConfig: Setting CVar [[r.DistanceFieldAO:1]]
[2019.07.12-20.36.56:463][  0]LogConfig: Setting CVar [[r.AOQuality:2]]
[2019.07.12-20.36.56:463][  0]LogConfig: Setting CVar [[r.VolumetricFog:1]]
[2019.07.12-20.36.56:463][  0]LogConfig: Setting CVar [[r.VolumetricFog.GridPixelSize:8]]
[2019.07.12-20.36.56:463][  0]LogConfig: Setting CVar [[r.VolumetricFog.GridSizeZ:128]]
[2019.07.12-20.36.56:463][  0]LogConfig: Setting CVar [[r.VolumetricFog.HistoryMissSupersampleCount:4]]
[2019.07.12-20.36.56:463][  0]LogConfig: Setting CVar [[r.LightMaxDrawDistanceScale:1]]
[2019.07.12-20.36.56:463][  0]LogConfig: Setting CVar [[r.CapsuleShadows:1]]
[2019.07.12-20.36.56:463][  0]LogConfig: Applying CVar settings from Section [PostProcessQuality@3] File [C:/Users/NuiLab01/Documents/Unreal Projects/AR_Elicitation/AR_Elicitation_Study/AR_Elicitation/Saved/Config/Windows/Scalability.ini]
[2019.07.12-20.36.56:463][  0]LogConfig: Setting CVar [[r.MotionBlurQuality:4]]
[2019.07.12-20.36.56:463][  0]LogConfig: Setting CVar [[r.AmbientOcclusionMipLevelFactor:0.4]]
[2019.07.12-20.36.56:463][  0]LogConfig: Setting CVar [[r.AmbientOcclusionMaxQuality:100]]
[2019.07.12-20.36.56:463][  0]LogConfig: Setting CVar [[r.AmbientOcclusionLevels:-1]]
[2019.07.12-20.36.56:463][  0]LogConfig: Setting CVar [[r.AmbientOcclusionRadiusScale:1.0]]
[2019.07.12-20.36.56:464][  0]LogConfig: Setting CVar [[r.DepthOfFieldQuality:2]]
[2019.07.12-20.36.56:464][  0]LogConfig: Setting CVar [[r.RenderTargetPoolMin:400]]
[2019.07.12-20.36.56:464][  0]LogConfig: Setting CVar [[r.LensFlareQuality:2]]
[2019.07.12-20.36.56:464][  0]LogConfig: Setting CVar [[r.SceneColorFringeQuality:1]]
[2019.07.12-20.36.56:464][  0]LogConfig: Setting CVar [[r.EyeAdaptationQuality:2]]
[2019.07.12-20.36.56:464][  0]LogConfig: Setting CVar [[r.BloomQuality:5]]
[2019.07.12-20.36.56:464][  0]LogConfig: Setting CVar [[r.FastBlurThreshold:100]]
[2019.07.12-20.36.56:464][  0]LogConfig: Setting CVar [[r.Upscale.Quality:3]]
[2019.07.12-20.36.56:464][  0]LogConfig: Setting CVar [[r.Tonemapper.GrainQuantization:1]]
[2019.07.12-20.36.56:464][  0]LogConfig: Setting CVar [[r.LightShaftQuality:1]]
[2019.07.12-20.36.56:464][  0]LogConfig: Setting CVar [[r.Filter.SizeScale:1]]
[2019.07.12-20.36.56:464][  0]LogConfig: Setting CVar [[r.Tonemapper.Quality:5]]
[2019.07.12-20.36.56:464][  0]LogConfig: Setting CVar [[r.DOF.Gather.AccumulatorQuality:1        ; higher gathering accumulator quality]]
[2019.07.12-20.36.56:464][  0]LogConfig: Setting CVar [[r.DOF.Gather.PostfilterMethod:1          ; Median3x3 postfilering method]]
[2019.07.12-20.36.56:464][  0]LogConfig: Setting CVar [[r.DOF.Gather.EnableBokehSettings:0       ; no bokeh simulation when gathering]]
[2019.07.12-20.36.56:464][  0]LogConfig: Setting CVar [[r.DOF.Gather.RingCount:4                 ; medium number of samples when gathering]]
[2019.07.12-20.36.56:464][  0]LogConfig: Setting CVar [[r.DOF.Scatter.ForegroundCompositing:1    ; additive foreground scattering]]
[2019.07.12-20.36.56:464][  0]LogConfig: Setting CVar [[r.DOF.Scatter.BackgroundCompositing:2    ; additive background scattering]]
[2019.07.12-20.36.56:464][  0]LogConfig: Setting CVar [[r.DOF.Scatter.EnableBokehSettings:1      ; bokeh simulation when scattering]]
[2019.07.12-20.36.56:464][  0]LogConfig: Setting CVar [[r.DOF.Scatter.MaxSpriteRatio:0.1         ; only a maximum of 10% of scattered bokeh]]
[2019.07.12-20.36.56:464][  0]LogConfig: Setting CVar [[r.DOF.Recombine.Quality:1                ; cheap slight out of focus]]
[2019.07.12-20.36.56:464][  0]LogConfig: Setting CVar [[r.DOF.Recombine.EnableBokehSettings:0    ; no bokeh simulation on slight out of focus]]
[2019.07.12-20.36.56:464][  0]LogConfig: Setting CVar [[r.DOF.TemporalAAQuality:1                ; more stable temporal accumulation]]
[2019.07.12-20.36.56:464][  0]LogConfig: Setting CVar [[r.DOF.Kernel.MaxForegroundRadius:0.025]]
[2019.07.12-20.36.56:464][  0]LogConfig: Setting CVar [[r.DOF.Kernel.MaxBackgroundRadius:0.025]]
[2019.07.12-20.36.56:464][  0]LogConfig: Applying CVar settings from Section [TextureQuality@3] File [C:/Users/NuiLab01/Documents/Unreal Projects/AR_Elicitation/AR_Elicitation_Study/AR_Elicitation/Saved/Config/Windows/Scalability.ini]
[2019.07.12-20.36.56:464][  0]LogConfig: Setting CVar [[r.Streaming.MipBias:0]]
[2019.07.12-20.36.56:464][  0]LogConfig: Setting CVar [[r.Streaming.AmortizeCPUToGPUCopy:0]]
[2019.07.12-20.36.56:464][  0]LogConfig: Setting CVar [[r.Streaming.MaxNumTexturesToStreamPerFrame:0]]
[2019.07.12-20.36.56:464][  0]LogConfig: Setting CVar [[r.Streaming.Boost:1]]
[2019.07.12-20.36.56:464][  0]LogConfig: Setting CVar [[r.MaxAnisotropy:8]]
[2019.07.12-20.36.56:464][  0]LogConfig: Setting CVar [[r.Streaming.LimitPoolSizeToVRAM:0]]
[2019.07.12-20.36.56:464][  0]LogConfig: Setting CVar [[r.Streaming.PoolSize:1000]]
[2019.07.12-20.36.56:464][  0]LogConfig: Setting CVar [[r.Streaming.MaxEffectiveScreenSize:0]]
[2019.07.12-20.36.56:464][  0]LogConfig: Applying CVar settings from Section [EffectsQuality@3] File [C:/Users/NuiLab01/Documents/Unreal Projects/AR_Elicitation/AR_Elicitation_Study/AR_Elicitation/Saved/Config/Windows/Scalability.ini]
[2019.07.12-20.36.56:464][  0]LogConfig: Setting CVar [[r.TranslucencyLightingVolumeDim:64]]
[2019.07.12-20.36.56:464][  0]LogConfig: Setting CVar [[r.RefractionQuality:2]]
[2019.07.12-20.36.56:464][  0]LogConfig: Setting CVar [[r.SSR.Quality:3]]
[2019.07.12-20.36.56:464][  0]LogConfig: Setting CVar [[r.SceneColorFormat:4]]
[2019.07.12-20.36.56:464][  0]LogConfig: Setting CVar [[r.DetailMode:2]]
[2019.07.12-20.36.56:464][  0]LogConfig: Setting CVar [[r.TranslucencyVolumeBlur:1]]
[2019.07.12-20.36.56:464][  0]LogConfig: Setting CVar [[r.MaterialQualityLevel:1 ; High quality]]
[2019.07.12-20.36.56:464][  0]LogConfig: Setting CVar [[r.SSS.Scale:1]]
[2019.07.12-20.36.56:464][  0]LogConfig: Setting CVar [[r.SSS.SampleSet:2]]
[2019.07.12-20.36.56:464][  0]LogConfig: Setting CVar [[r.SSS.Quality:1]]
[2019.07.12-20.36.56:464][  0]LogConfig: Setting CVar [[r.SSS.HalfRes:1]]
[2019.07.12-20.36.56:464][  0]LogConfig: Setting CVar [[r.EmitterSpawnRateScale:1.0]]
[2019.07.12-20.36.56:464][  0]LogConfig: Setting CVar [[r.ParticleLightQuality:2]]
[2019.07.12-20.36.56:464][  0]LogConfig: Applying CVar settings from Section [FoliageQuality@3] File [C:/Users/NuiLab01/Documents/Unreal Projects/AR_Elicitation/AR_Elicitation_Study/AR_Elicitation/Saved/Config/Windows/Scalability.ini]
[2019.07.12-20.36.56:464][  0]LogConfig: Setting CVar [[foliage.DensityScale:1.0]]
[2019.07.12-20.36.56:464][  0]LogConfig: Setting CVar [[grass.DensityScale:1.0]]
[2019.07.12-20.36.56:464][  0]LogConfig: Applying CVar settings from Section [Startup] File [../../../Engine/Config/ConsoleVariables.ini]
[2019.07.12-20.36.56:464][  0]LogConfig: Setting CVar [[net.UseAdaptiveNetUpdateFrequency:0]]
[2019.07.12-20.36.56:464][  0]LogConfig: Applying CVar settings from Section [ConsoleVariables] File [C:/Users/NuiLab01/Documents/Unreal Projects/AR_Elicitation/AR_Elicitation_Study/AR_Elicitation/Saved/Config/Windows/Engine.ini]
[2019.07.12-20.36.56:464][  0]LogInit: Computer: DESKTOP-T51RDEP
[2019.07.12-20.36.56:464][  0]LogInit: User: NuiLab01
[2019.07.12-20.36.56:464][  0]LogInit: CPU Page size=4096, Cores=6
[2019.07.12-20.36.56:464][  0]LogInit: High frequency timer resolution =3.609373 MHz
[2019.07.12-20.36.56:464][  0]LogMemory: Memory total: Physical=31.8GB (32GB approx)
[2019.07.12-20.36.56:464][  0]LogMemory: Platform Memory Stats for Windows
[2019.07.12-20.36.56:464][  0]LogMemory: Process Physical Memory: 113.05 MB used, 113.05 MB peak
[2019.07.12-20.36.56:464][  0]LogMemory: Process Virtual Memory: 109.72 MB used, 109.72 MB peak
[2019.07.12-20.36.56:464][  0]LogMemory: Physical Memory: 9295.54 MB used,  23283.21 MB free, 32578.75 MB total
[2019.07.12-20.36.56:464][  0]LogMemory: Virtual Memory: 4720.69 MB used,  134213008.00 MB free, 134217728.00 MB total
[2019.07.12-20.36.56:479][  0]LogInit: Using OS detected language (en-US).
[2019.07.12-20.36.56:479][  0]LogInit: Using OS detected locale (en-US).
[2019.07.12-20.36.56:479][  0]LogTextLocalizationManager: No specific localization for 'en-US' exists, so the 'en' localization will be used.
[2019.07.12-20.36.56:727][  0]LogInit: Setting process to per monitor DPI aware
[2019.07.12-20.36.56:750][  0]LogSlate: New Slate User Created.  User Index 0, Is Virtual User: 0
[2019.07.12-20.36.56:750][  0]LogSlate: Slate User Registered.  User Index 0, Is Virtual User: 0
[2019.07.12-20.36.56:967][  0]LogVulkanRHI: Display: - Found instance layer VK_LAYER_LUNARG_standard_validation
[2019.07.12-20.36.56:967][  0]LogVulkanRHI: Display: - Found instance layer VK_LAYER_NV_nsight
[2019.07.12-20.36.56:967][  0]LogVulkanRHI: Display: - Found instance layer VK_LAYER_NV_optimus
[2019.07.12-20.36.56:967][  0]LogVulkanRHI: Display: - Found instance layer VK_LAYER_VALVE_steam_fossilize
[2019.07.12-20.36.56:967][  0]LogVulkanRHI: Display: - Found instance layer VK_LAYER_VALVE_steam_overlay
[2019.07.12-20.36.56:967][  0]LogVulkanRHI: Display: - Found instance extension VK_EXT_debug_report
[2019.07.12-20.36.56:967][  0]LogVulkanRHI: Display: - Found instance extension VK_EXT_debug_utils
[2019.07.12-20.36.56:967][  0]LogVulkanRHI: Display: - Found instance extension VK_EXT_swapchain_colorspace
[2019.07.12-20.36.56:967][  0]LogVulkanRHI: Display: - Found instance extension VK_KHR_device_group_creation
[2019.07.12-20.36.56:967][  0]LogVulkanRHI: Display: - Found instance extension VK_KHR_external_fence_capabilities
[2019.07.12-20.36.56:967][  0]LogVulkanRHI: Display: - Found instance extension VK_KHR_external_memory_capabilities
[2019.07.12-20.36.56:967][  0]LogVulkanRHI: Display: - Found instance extension VK_KHR_external_semaphore_capabilities
[2019.07.12-20.36.56:967][  0]LogVulkanRHI: Display: - Found instance extension VK_KHR_get_physical_device_properties2
[2019.07.12-20.36.56:967][  0]LogVulkanRHI: Display: - Found instance extension VK_KHR_get_surface_capabilities2
[2019.07.12-20.36.56:967][  0]LogVulkanRHI: Display: - Found instance extension VK_KHR_surface
[2019.07.12-20.36.56:967][  0]LogVulkanRHI: Display: - Found instance extension VK_KHR_win32_surface
[2019.07.12-20.36.56:967][  0]LogVulkanRHI: Display: - Found instance extension VK_NV_external_memory_capabilities
[2019.07.12-20.36.56:967][  0]LogVulkanRHI: Display: Not using instance layers
[2019.07.12-20.36.56:967][  0]LogVulkanRHI: Display: Using instance extensions
[2019.07.12-20.36.56:967][  0]LogVulkanRHI: Display: * VK_KHR_surface
[2019.07.12-20.36.56:967][  0]LogVulkanRHI: Display: * VK_KHR_win32_surface
[2019.07.12-20.36.56:967][  0]LogVulkanRHI: Display: * VK_KHR_external_memory_capabilities
[2019.07.12-20.36.56:967][  0]LogVulkanRHI: Display: * VK_KHR_get_physical_device_properties2
[2019.07.12-20.36.57:246][  0]LogRHI: Display: Setting GPU Capture Options: 1
[2019.07.12-20.36.57:246][  0]LogRHI: Display: Toggling draw events: 1
[2019.07.12-20.36.57:246][  0]LogRHI: Display: Toggling showmaterialdrawevents: 1
[2019.07.12-20.36.57:246][  0]LogRHI: Display: Toggling rhi bypass: 1
[2019.07.12-20.36.57:246][  0]LogVulkanRHI: Display: Found 1 device(s)
[2019.07.12-20.36.57:246][  0]LogVulkanRHI: Display: Device 0: GeForce GTX 1080
[2019.07.12-20.36.57:246][  0]LogVulkanRHI: Display: - API 0x401054 Driver 0x6851c000 VendorId 0x10de
[2019.07.12-20.36.57:246][  0]LogVulkanRHI: Display: - DeviceID 0x1b80 Type Discrete GPU
[2019.07.12-20.36.57:246][  0]LogVulkanRHI: Display: - Max Descriptor Sets Bound 32 Timestamps 1
[2019.07.12-20.36.57:246][  0]LogVulkanRHI: Display: Using Device 0: Geometry 1 Tessellation 1
[2019.07.12-20.36.57:246][  0]LogVulkanRHI: Display: - Found device layer VK_LAYER_NV_optimus
[2019.07.12-20.36.57:246][  0]LogVulkanRHI: Display: - Found device extension VK_EXT_blend_operation_advanced
[2019.07.12-20.36.57:246][  0]LogVulkanRHI: Display: - Found device extension VK_EXT_conditional_rendering
[2019.07.12-20.36.57:246][  0]LogVulkanRHI: Display: - Found device extension VK_EXT_conservative_rasterization
[2019.07.12-20.36.57:246][  0]LogVulkanRHI: Display: - Found device extension VK_EXT_depth_range_unrestricted
[2019.07.12-20.36.57:246][  0]LogVulkanRHI: Display: - Found device extension VK_EXT_descriptor_indexing
[2019.07.12-20.36.57:246][  0]LogVulkanRHI: Display: - Found device extension VK_EXT_discard_rectangles
[2019.07.12-20.36.57:246][  0]LogVulkanRHI: Display: - Found device extension VK_EXT_hdr_metadata
[2019.07.12-20.36.57:246][  0]LogVulkanRHI: Display: - Found device extension VK_EXT_inline_uniform_block
[2019.07.12-20.36.57:246][  0]LogVulkanRHI: Display: - Found device extension VK_EXT_post_depth_coverage
[2019.07.12-20.36.57:246][  0]LogVulkanRHI: Display: - Found device extension VK_EXT_sample_locations
[2019.07.12-20.36.57:246][  0]LogVulkanRHI: Display: - Found device extension VK_EXT_sampler_filter_minmax
[2019.07.12-20.36.57:246][  0]LogVulkanRHI: Display: - Found device extension VK_EXT_shader_subgroup_ballot
[2019.07.12-20.36.57:246][  0]LogVulkanRHI: Display: - Found device extension VK_EXT_shader_subgroup_vote
[2019.07.12-20.36.57:246][  0]LogVulkanRHI: Display: - Found device extension VK_EXT_shader_viewport_index_layer
[2019.07.12-20.36.57:246][  0]LogVulkanRHI: Display: - Found device extension VK_EXT_transform_feedback
[2019.07.12-20.36.57:246][  0]LogVulkanRHI: Display: - Found device extension VK_EXT_vertex_attribute_divisor
[2019.07.12-20.36.57:246][  0]LogVulkanRHI: Display: - Found device extension VK_KHR_16bit_storage
[2019.07.12-20.36.57:246][  0]LogVulkanRHI: Display: - Found device extension VK_KHR_8bit_storage
[2019.07.12-20.36.57:246][  0]LogVulkanRHI: Display: - Found device extension VK_KHR_bind_memory2
[2019.07.12-20.36.57:247][  0]LogVulkanRHI: Display: - Found device extension VK_KHR_create_renderpass2
[2019.07.12-20.36.57:247][  0]LogVulkanRHI: Display: - Found device extension VK_KHR_dedicated_allocation
[2019.07.12-20.36.57:247][  0]LogVulkanRHI: Display: - Found device extension VK_KHR_descriptor_update_template
[2019.07.12-20.36.57:247][  0]LogVulkanRHI: Display: - Found device extension VK_KHR_device_group
[2019.07.12-20.36.57:247][  0]LogVulkanRHI: Display: - Found device extension VK_KHR_draw_indirect_count
[2019.07.12-20.36.57:247][  0]LogVulkanRHI: Display: - Found device extension VK_KHR_driver_properties
[2019.07.12-20.36.57:247][  0]LogVulkanRHI: Display: - Found device extension VK_KHR_external_fence
[2019.07.12-20.36.57:247][  0]LogVulkanRHI: Display: - Found device extension VK_KHR_external_fence_win32
[2019.07.12-20.36.57:247][  0]LogVulkanRHI: Display: - Found device extension VK_KHR_external_memory
[2019.07.12-20.36.57:247][  0]LogVulkanRHI: Display: - Found device extension VK_KHR_external_memory_win32
[2019.07.12-20.36.57:247][  0]LogVulkanRHI: Display: - Found device extension VK_KHR_external_semaphore
[2019.07.12-20.36.57:247][  0]LogVulkanRHI: Display: - Found device extension VK_KHR_external_semaphore_win32
[2019.07.12-20.36.57:247][  0]LogVulkanRHI: Display: - Found device extension VK_KHR_get_memory_requirements2
[2019.07.12-20.36.57:247][  0]LogVulkanRHI: Display: - Found device extension VK_KHR_image_format_list
[2019.07.12-20.36.57:247][  0]LogVulkanRHI: Display: - Found device extension VK_KHR_maintenance1
[2019.07.12-20.36.57:247][  0]LogVulkanRHI: Display: - Found device extension VK_KHR_maintenance2
[2019.07.12-20.36.57:247][  0]LogVulkanRHI: Display: - Found device extension VK_KHR_maintenance3
[2019.07.12-20.36.57:247][  0]LogVulkanRHI: Display: - Found device extension VK_KHR_multiview
[2019.07.12-20.36.57:247][  0]LogVulkanRHI: Display: - Found device extension VK_KHR_push_descriptor
[2019.07.12-20.36.57:247][  0]LogVulkanRHI: Display: - Found device extension VK_KHR_relaxed_block_layout
[2019.07.12-20.36.57:247][  0]LogVulkanRHI: Display: - Found device extension VK_KHR_sampler_mirror_clamp_to_edge
[2019.07.12-20.36.57:247][  0]LogVulkanRHI: Display: - Found device extension VK_KHR_sampler_ycbcr_conversion
[2019.07.12-20.36.57:247][  0]LogVulkanRHI: Display: - Found device extension VK_KHR_shader_atomic_int64
[2019.07.12-20.36.57:247][  0]LogVulkanRHI: Display: - Found device extension VK_KHR_shader_draw_parameters
[2019.07.12-20.36.57:247][  0]LogVulkanRHI: Display: - Found device extension VK_KHR_storage_buffer_storage_class
[2019.07.12-20.36.57:247][  0]LogVulkanRHI: Display: - Found device extension VK_KHR_swapchain
[2019.07.12-20.36.57:247][  0]LogVulkanRHI: Display: - Found device extension VK_KHR_variable_pointers
[2019.07.12-20.36.57:247][  0]LogVulkanRHI: Display: - Found device extension VK_KHR_vulkan_memory_model
[2019.07.12-20.36.57:247][  0]LogVulkanRHI: Display: - Found device extension VK_KHR_win32_keyed_mutex
[2019.07.12-20.36.57:247][  0]LogVulkanRHI: Display: - Found device extension VK_NV_clip_space_w_scaling
[2019.07.12-20.36.57:247][  0]LogVulkanRHI: Display: - Found device extension VK_NV_dedicated_allocation
[2019.07.12-20.36.57:247][  0]LogVulkanRHI: Display: - Found device extension VK_NV_device_diagnostic_checkpoints
[2019.07.12-20.36.57:247][  0]LogVulkanRHI: Display: - Found device extension VK_NV_external_memory
[2019.07.12-20.36.57:247][  0]LogVulkanRHI: Display: - Found device extension VK_NV_external_memory_win32
[2019.07.12-20.36.57:247][  0]LogVulkanRHI: Display: - Found device extension VK_NV_fill_rectangle
[2019.07.12-20.36.57:247][  0]LogVulkanRHI: Display: - Found device extension VK_NV_fragment_coverage_to_color
[2019.07.12-20.36.57:247][  0]LogVulkanRHI: Display: - Found device extension VK_NV_framebuffer_mixed_samples
[2019.07.12-20.36.57:247][  0]LogVulkanRHI: Display: - Found device extension VK_NV_geometry_shader_passthrough
[2019.07.12-20.36.57:247][  0]LogVulkanRHI: Display: - Found device extension VK_NV_sample_mask_override_coverage
[2019.07.12-20.36.57:247][  0]LogVulkanRHI: Display: - Found device extension VK_NV_shader_subgroup_partitioned
[2019.07.12-20.36.57:247][  0]LogVulkanRHI: Display: - Found device extension VK_NV_viewport_array2
[2019.07.12-20.36.57:247][  0]LogVulkanRHI: Display: - Found device extension VK_NV_viewport_swizzle
[2019.07.12-20.36.57:247][  0]LogVulkanRHI: Display: - Found device extension VK_NV_win32_keyed_mutex
[2019.07.12-20.36.57:247][  0]LogVulkanRHI: Display: - Found device extension VK_NVX_device_generated_commands
[2019.07.12-20.36.57:247][  0]LogVulkanRHI: Display: - Found device extension VK_NVX_multiview_per_view_attributes
[2019.07.12-20.36.57:247][  0]LogVulkanRHI: Display: Using device extensions
[2019.07.12-20.36.57:247][  0]LogVulkanRHI: Display: * VK_KHR_external_memory
[2019.07.12-20.36.57:247][  0]LogVulkanRHI: Display: * VK_KHR_external_semaphore
[2019.07.12-20.36.57:247][  0]LogVulkanRHI: Display: * VK_KHR_external_fence
[2019.07.12-20.36.57:247][  0]LogVulkanRHI: Display: * VK_KHR_external_memory_win32
[2019.07.12-20.36.57:247][  0]LogVulkanRHI: Display: * VK_KHR_external_semaphore_win32
[2019.07.12-20.36.57:247][  0]LogVulkanRHI: Display: * VK_KHR_external_fence_win32
[2019.07.12-20.36.57:247][  0]LogVulkanRHI: Display: * VK_KHR_bind_memory2
[2019.07.12-20.36.57:247][  0]LogVulkanRHI: Display: * VK_KHR_swapchain
[2019.07.12-20.36.57:247][  0]LogVulkanRHI: Display: * VK_KHR_maintenance1
[2019.07.12-20.36.57:247][  0]LogVulkanRHI: Display: * VK_KHR_maintenance2
[2019.07.12-20.36.57:247][  0]LogVulkanRHI: Display: Found 3 Queue Families
[2019.07.12-20.36.57:247][  0]LogVulkanRHI: Display: Initializing Queue Family 0: 16 queues Gfx Compute Xfer Sparse
[2019.07.12-20.36.57:247][  0]LogVulkanRHI: Display: Initializing Queue Family 1: 1 queues Xfer
[2019.07.12-20.36.57:247][  0]LogVulkanRHI: Display: Skipping unnecessary Queue Family 2: 8 queues Compute
[2019.07.12-20.36.57:482][  0]LogVulkanRHI: Display: 2 Device Memory Heaps; Max memory allocations 4096
[2019.07.12-20.36.57:482][  0]LogVulkanRHI: Display: 0: Flags 0x1 Size 8471445504 (8079.00 MB) GPU
[2019.07.12-20.36.57:482][  0]LogVulkanRHI: Display: 1: Flags 0x0 Size 34160508928 (32578.00 MB) 
[2019.07.12-20.36.57:482][  0]LogVulkanRHI: Display: 11 Device Memory Types (Not unified)
[2019.07.12-20.36.57:482][  0]LogVulkanRHI: Display: 0: Flags 0x0 Heap 1 
[2019.07.12-20.36.57:482][  0]LogVulkanRHI: Display: 1: Flags 0x0 Heap 1 
[2019.07.12-20.36.57:483][  0]LogVulkanRHI: Display: 2: Flags 0x0 Heap 1 
[2019.07.12-20.36.57:483][  0]LogVulkanRHI: Display: 3: Flags 0x0 Heap 1 
[2019.07.12-20.36.57:483][  0]LogVulkanRHI: Display: 4: Flags 0x0 Heap 1 
[2019.07.12-20.36.57:483][  0]LogVulkanRHI: Display: 5: Flags 0x0 Heap 1 
[2019.07.12-20.36.57:483][  0]LogVulkanRHI: Display: 6: Flags 0x0 Heap 1 
[2019.07.12-20.36.57:483][  0]LogVulkanRHI: Display: 7: Flags 0x1 Heap 0  Local
[2019.07.12-20.36.57:483][  0]LogVulkanRHI: Display: 8: Flags 0x1 Heap 0  Local
[2019.07.12-20.36.57:483][  0]LogVulkanRHI: Display: 9: Flags 0x6 Heap 1  HostVisible HostCoherent
[2019.07.12-20.36.57:483][  0]LogVulkanRHI: Display: 10: Flags 0xe Heap 1  HostVisible HostCoherent HostCached
[2019.07.12-20.36.57:487][  0]LogVulkanRHI: Display: FVulkanPipelineStateCacheManager: Binary pipeline cache '../../../../../Users/NuiLab01/Documents/Unreal Projects/AR_Elicitation/AR_Elicitation_Study/AR_Elicitation/Saved/VulkanPSO.cache.10de.1b80' not found.
[2019.07.12-20.36.57:510][  0]LogVulkanRHI: Display: Nvidia User Driver Version = 417.71
[2019.07.12-20.36.57:520][  0]LogRHI: Texture pool is 5372 MB (70% of 7675 MB)
[2019.07.12-20.36.57:707][  0]LogTemp: Display: Loaded TP AllDesktopTargetPlatform
[2019.07.12-20.36.57:715][  0]LogTemp: Display: Loaded TP MacClientTargetPlatform
[2019.07.12-20.36.57:723][  0]LogTemp: Display: Loaded TP MacNoEditorTargetPlatform
[2019.07.12-20.36.57:731][  0]LogTemp: Display: Loaded TP MacServerTargetPlatform
[2019.07.12-20.36.57:739][  0]LogTemp: Display: Loaded TP MacTargetPlatform
[2019.07.12-20.36.57:747][  0]LogTemp: Display: Loaded TP WindowsClientTargetPlatform
[2019.07.12-20.36.57:755][  0]LogTemp: Display: Loaded TP WindowsNoEditorTargetPlatform
[2019.07.12-20.36.57:763][  0]LogTemp: Display: Loaded TP WindowsServerTargetPlatform
[2019.07.12-20.36.57:766][  0]LogTemp: Display: Loaded TP WindowsTargetPlatform
[2019.07.12-20.36.57:818][  0]LogTemp: Display: Loaded TP AndroidTargetPlatform
[2019.07.12-20.36.57:818][  0]LogTemp: Display: Loaded TP AndroidTargetPlatform
[2019.07.12-20.36.57:818][  0]LogTemp: Display: Loaded TP AndroidTargetPlatform
[2019.07.12-20.36.57:818][  0]LogTemp: Display: Loaded TP AndroidTargetPlatform
[2019.07.12-20.36.57:818][  0]LogTemp: Display: Loaded TP AndroidTargetPlatform
[2019.07.12-20.36.57:818][  0]LogTemp: Display: Loaded TP AndroidTargetPlatform
[2019.07.12-20.36.57:818][  0]LogTemp: Display: Loaded TP AndroidTargetPlatform
[2019.07.12-20.36.57:818][  0]LogTemp: Display: Loaded TP AndroidTargetPlatform
[2019.07.12-20.36.57:818][  0]LogTemp: Display: Loaded TP AndroidTargetPlatform
[2019.07.12-20.36.57:818][  0]LogTemp: Display: Loaded TP AndroidTargetPlatform
[2019.07.12-20.36.57:818][  0]LogTemp: Display: Loaded TP AndroidTargetPlatform
[2019.07.12-20.36.57:818][  0]LogTemp: Display: Loaded TP AndroidTargetPlatform
[2019.07.12-20.36.57:818][  0]LogTemp: Display: Loaded TP AndroidTargetPlatform
[2019.07.12-20.36.57:818][  0]LogTemp: Display: Loaded TP AndroidTargetPlatform
[2019.07.12-20.36.57:818][  0]LogTemp: Display: Loaded TP AndroidTargetPlatform
[2019.07.12-20.36.57:818][  0]LogTemp: Display: Loaded TP AndroidTargetPlatform
[2019.07.12-20.36.57:818][  0]LogTemp: Display: Loaded TP AndroidTargetPlatform
[2019.07.12-20.36.57:818][  0]LogTemp: Display: Loaded TP AndroidTargetPlatform
[2019.07.12-20.36.57:819][  0]LogTemp: Display: Loaded TP HTML5TargetPlatform
[2019.07.12-20.36.57:868][  0]LogTemp: Display: Loaded TP IOSTargetPlatform
[2019.07.12-20.36.57:868][  0]LogTemp: Display: Loaded TP IOSTargetPlatform
[2019.07.12-20.36.57:882][  0]LogTemp: Display: Loaded TP TVOSTargetPlatform
[2019.07.12-20.36.57:882][  0]LogTemp: Display: Loaded TP TVOSTargetPlatform
[2019.07.12-20.36.57:910][  0]LogTemp: Display: Loaded TP LuminTargetPlatform
[2019.07.12-20.36.57:910][  0]LogTemp: Display: Loaded TP LuminTargetPlatform
[2019.07.12-20.36.57:911][  0]LogTargetPlatformManager: Display: Building Assets For Windows
[2019.07.12-20.36.57:955][  0]LogShaderCompilers: Guid format shader working directory is -57 characters bigger than the processId version (../../../../../Users/NuiLab01/Documents/Unreal Projects/AR_Elicitation/AR_Elicitation_Study/AR_Elicitation/Intermediate/Shaders/WorkingDirectory/4476/).
[2019.07.12-20.36.57:955][  0]LogShaderCompilers: Cleaned the shader compiler working directory 'C:/Users/NuiLab01/AppData/Local/Temp/UnrealShaderWorkingDir/B52FF5A5409D1A34CF998AB0422C07EA/'.
[2019.07.12-20.36.57:956][  0]LogXGEController: Cleaning working directory: C:/Users/NuiLab01/AppData/Local/Temp/UnrealXGEWorkingDir/
[2019.07.12-20.36.57:956][  0]LogXGEController: Cannot use XGE Controller as Incredibuild is not installed on this machine.
[2019.07.12-20.36.57:956][  0]LogShaderCompilers: Cannot use XGE Shader Compiler as Incredibuild is not installed on this machine.
[2019.07.12-20.36.57:956][  0]LogShaderCompilers: Display: Using Local Shader Compiler.
[2019.07.12-20.36.58:360][  0]LogDerivedDataCache: Display: Max Cache Size: 512 MB
[2019.07.12-20.36.58:429][  0]LogDerivedDataCache: Loaded boot cache 0.07s 115MB ../../../../../Users/NuiLab01/Documents/Unreal Projects/AR_Elicitation/AR_Elicitation_Study/AR_Elicitation/DerivedDataCache/Boot.ddc.
[2019.07.12-20.36.58:429][  0]LogDerivedDataCache: Display: Loaded Boot cache: ../../../../../Users/NuiLab01/Documents/Unreal Projects/AR_Elicitation/AR_Elicitation_Study/AR_Elicitation/DerivedDataCache/Boot.ddc
[2019.07.12-20.36.58:429][  0]LogDerivedDataCache: FDerivedDataBackendGraph:  Pak pak cache file ../../../../../Users/NuiLab01/Documents/Unreal Projects/AR_Elicitation/AR_Elicitation_Study/AR_Elicitation/DerivedDataCache/DDC.ddp not found, will not use a pak cache.
[2019.07.12-20.36.58:429][  0]LogDerivedDataCache: Unable to find inner node Pak for hierarchical cache Hierarchy.
[2019.07.12-20.36.58:429][  0]LogDerivedDataCache: FDerivedDataBackendGraph:  EnginePak pak cache file ../../../Engine/DerivedDataCache/DDC.ddp not found, will not use a pak cache.
[2019.07.12-20.36.58:429][  0]LogDerivedDataCache: Unable to find inner node EnginePak for hierarchical cache Hierarchy.
[2019.07.12-20.36.58:441][  0]LogDerivedDataCache: Using Local data cache path ../../../Engine/DerivedDataCache: Writable
[2019.07.12-20.36.58:441][  0]LogDerivedDataCache: Shared data cache path not found in *engine.ini, will not use an Shared cache.
[2019.07.12-20.36.58:441][  0]LogDerivedDataCache: Unable to find inner node Shared for hierarchical cache Hierarchy.
[2019.07.12-20.36.58:464][  0]LogMaterial: Verifying Global Shaders for SF_VULKAN_SM5
[2019.07.12-20.36.58:465][  0]LogSlate: Using FreeType 2.6.0
[2019.07.12-20.36.58:466][  0]LogSlate: SlateFontServices - WITH_FREETYPE: 1, WITH_HARFBUZZ: 1
[2019.07.12-20.36.58:532][  0]LogAssetRegistry: FAssetRegistry took 0.0288 seconds to start up
[2019.07.12-20.36.58:751][  0]LogInit: Selected Device Profile: [Windows]
[2019.07.12-20.36.58:807][  0]LogMeshReduction: Using QuadricMeshReduction for automatic static mesh reduction
[2019.07.12-20.36.58:807][  0]LogMeshReduction: Using SimplygonMeshReduction for automatic skeletal mesh reduction
[2019.07.12-20.36.58:807][  0]LogMeshReduction: Using ProxyLODMeshReduction for automatic mesh merging
[2019.07.12-20.36.58:807][  0]LogMeshReduction: No distributed automatic mesh merging module available
[2019.07.12-20.36.58:807][  0]LogMeshMerging: No distributed automatic mesh merging module available
[2019.07.12-20.36.58:895][  0]LogNetVersion: AR_Elicitation 1.0.0, NetCL: 0, EngineNetVer: 6, GameNetVer: 0 (Checksum: 3892447940)
[2019.07.12-20.36.59:364][  0]LogPackageLocalizationCache: Processed 11 localized package path(s) for 2 prioritized culture(s) in 0.115088 seconds
[2019.07.12-20.36.59:368][  0]LogUObjectArray: 40873 objects as part of root set at end of initial load.
[2019.07.12-20.36.59:368][  0]LogUObjectAllocator: 7103280 out of 0 bytes used by permanent object pool.
[2019.07.12-20.36.59:368][  0]LogUObjectArray: CloseDisregardForGC: 0/0 objects in disregard for GC pool
[2019.07.12-20.36.59:684][  0]LogStreaming: Warning: Failed to read file '../../../Engine/Content/Editor/Slate/Launcher/Mac/Platform_Mac_24x.png' error.
[2019.07.12-20.36.59:684][  0]LogSlate: Could not find file for Slate resource: ../../../Engine/Content/Editor/Slate/Launcher/Mac/Platform_Mac_24x.png
[2019.07.12-20.36.59:684][  0]LogStreaming: Warning: Failed to read file '../../../Engine/Content/Editor/Slate/Launcher/Mac/Platform_Mac_128x.png' error.
[2019.07.12-20.36.59:684][  0]LogSlate: Could not find file for Slate resource: ../../../Engine/Content/Editor/Slate/Launcher/Mac/Platform_Mac_128x.png
[2019.07.12-20.36.59:684][  0]LogStreaming: Warning: Failed to read file '../../../Engine/Content/Editor/Slate/Launcher/Mac/Platform_Mac_128x.png' error.
[2019.07.12-20.36.59:684][  0]LogSlate: Could not find file for Slate resource: ../../../Engine/Content/Editor/Slate/Launcher/Mac/Platform_Mac_128x.png
[2019.07.12-20.36.59:684][  0]LogStreaming: Warning: Failed to read file '../../../Engine/Content/Editor/Slate/Launcher/Mac/Platform_Mac_24x.png' error.
[2019.07.12-20.36.59:684][  0]LogSlate: Could not find file for Slate resource: ../../../Engine/Content/Editor/Slate/Launcher/Mac/Platform_Mac_24x.png
[2019.07.12-20.36.59:684][  0]LogStreaming: Warning: Failed to read file '../../../Engine/Content/Editor/Slate/Launcher/Mac/Platform_Mac_128x.png' error.
[2019.07.12-20.36.59:684][  0]LogSlate: Could not find file for Slate resource: ../../../Engine/Content/Editor/Slate/Launcher/Mac/Platform_Mac_128x.png
[2019.07.12-20.36.59:684][  0]LogStreaming: Warning: Failed to read file '../../../Engine/Content/Editor/Slate/Launcher/Mac/Platform_Mac_128x.png' error.
[2019.07.12-20.36.59:684][  0]LogSlate: Could not find file for Slate resource: ../../../Engine/Content/Editor/Slate/Launcher/Mac/Platform_Mac_128x.png
[2019.07.12-20.36.59:684][  0]LogStreaming: Warning: Failed to read file '../../../Engine/Content/Editor/Slate/Launcher/Mac/Platform_Mac_24x.png' error.
[2019.07.12-20.36.59:684][  0]LogSlate: Could not find file for Slate resource: ../../../Engine/Content/Editor/Slate/Launcher/Mac/Platform_Mac_24x.png
[2019.07.12-20.36.59:684][  0]LogStreaming: Warning: Failed to read file '../../../Engine/Content/Editor/Slate/Launcher/Mac/Platform_Mac_128x.png' error.
[2019.07.12-20.36.59:684][  0]LogSlate: Could not find file for Slate resource: ../../../Engine/Content/Editor/Slate/Launcher/Mac/Platform_Mac_128x.png
[2019.07.12-20.36.59:684][  0]LogStreaming: Warning: Failed to read file '../../../Engine/Content/Editor/Slate/Launcher/Mac/Platform_Mac_128x.png' error.
[2019.07.12-20.36.59:684][  0]LogSlate: Could not find file for Slate resource: ../../../Engine/Content/Editor/Slate/Launcher/Mac/Platform_Mac_128x.png
[2019.07.12-20.36.59:684][  0]LogStreaming: Warning: Failed to read file '../../../Engine/Content/Editor/Slate/Launcher/Mac/Platform_Mac_24x.png' error.
[2019.07.12-20.36.59:684][  0]LogSlate: Could not find file for Slate resource: ../../../Engine/Content/Editor/Slate/Launcher/Mac/Platform_Mac_24x.png
[2019.07.12-20.36.59:684][  0]LogStreaming: Warning: Failed to read file '../../../Engine/Content/Editor/Slate/Launcher/Mac/Platform_Mac_128x.png' error.
[2019.07.12-20.36.59:685][  0]LogSlate: Could not find file for Slate resource: ../../../Engine/Content/Editor/Slate/Launcher/Mac/Platform_Mac_128x.png
[2019.07.12-20.36.59:685][  0]LogStreaming: Warning: Failed to read file '../../../Engine/Content/Editor/Slate/Launcher/Mac/Platform_Mac_128x.png' error.
[2019.07.12-20.36.59:685][  0]LogSlate: Could not find file for Slate resource: ../../../Engine/Content/Editor/Slate/Launcher/Mac/Platform_Mac_128x.png
[2019.07.12-20.36.59:685][  0]LogStreaming: Warning: Failed to read file '../../../Engine/Content/Editor/Slate/Launcher/Linux/Platform_Linux_24x.png' error.
[2019.07.12-20.36.59:685][  0]LogSlate: Could not find file for Slate resource: ../../../Engine/Content/Editor/Slate/Launcher/Linux/Platform_Linux_24x.png
[2019.07.12-20.36.59:685][  0]LogStreaming: Warning: Failed to read file '../../../Engine/Content/Editor/Slate/Launcher/Linux/Platform_Linux_128x.png' error.
[2019.07.12-20.36.59:685][  0]LogSlate: Could not find file for Slate resource: ../../../Engine/Content/Editor/Slate/Launcher/Linux/Platform_Linux_128x.png
[2019.07.12-20.36.59:685][  0]LogStreaming: Warning: Failed to read file '../../../Engine/Content/Editor/Slate/Launcher/Linux/Platform_Linux_128x.png' error.
[2019.07.12-20.36.59:685][  0]LogSlate: Could not find file for Slate resource: ../../../Engine/Content/Editor/Slate/Launcher/Linux/Platform_Linux_128x.png
[2019.07.12-20.36.59:685][  0]LogStreaming: Warning: Failed to read file '../../../Engine/Content/Editor/Slate/Launcher/Linux/Platform_Linux_24x.png' error.
[2019.07.12-20.36.59:685][  0]LogSlate: Could not find file for Slate resource: ../../../Engine/Content/Editor/Slate/Launcher/Linux/Platform_Linux_24x.png
[2019.07.12-20.36.59:685][  0]LogStreaming: Warning: Failed to read file '../../../Engine/Content/Editor/Slate/Launcher/Linux/Platform_Linux_128x.png' error.
[2019.07.12-20.36.59:685][  0]LogSlate: Could not find file for Slate resource: ../../../Engine/Content/Editor/Slate/Launcher/Linux/Platform_Linux_128x.png
[2019.07.12-20.36.59:685][  0]LogStreaming: Warning: Failed to read file '../../../Engine/Content/Editor/Slate/Launcher/Linux/Platform_Linux_128x.png' error.
[2019.07.12-20.36.59:685][  0]LogSlate: Could not find file for Slate resource: ../../../Engine/Content/Editor/Slate/Launcher/Linux/Platform_Linux_128x.png
[2019.07.12-20.36.59:685][  0]LogStreaming: Warning: Failed to read file '../../../Engine/Content/Editor/Slate/Launcher/Linux/Platform_Linux_24x.png' error.
[2019.07.12-20.36.59:685][  0]LogSlate: Could not find file for Slate resource: ../../../Engine/Content/Editor/Slate/Launcher/Linux/Platform_Linux_24x.png
[2019.07.12-20.36.59:685][  0]LogStreaming: Warning: Failed to read file '../../../Engine/Content/Editor/Slate/Launcher/Linux/Platform_Linux_128x.png' error.
[2019.07.12-20.36.59:685][  0]LogSlate: Could not find file for Slate resource: ../../../Engine/Content/Editor/Slate/Launcher/Linux/Platform_Linux_128x.png
[2019.07.12-20.36.59:685][  0]LogStreaming: Warning: Failed to read file '../../../Engine/Content/Editor/Slate/Launcher/Linux/Platform_Linux_128x.png' error.
[2019.07.12-20.36.59:685][  0]LogSlate: Could not find file for Slate resource: ../../../Engine/Content/Editor/Slate/Launcher/Linux/Platform_Linux_128x.png
[2019.07.12-20.36.59:685][  0]LogStreaming: Warning: Failed to read file '../../../Engine/Content/Editor/Slate/Launcher/Linux/Platform_Linux_24x.png' error.
[2019.07.12-20.36.59:685][  0]LogSlate: Could not find file for Slate resource: ../../../Engine/Content/Editor/Slate/Launcher/Linux/Platform_Linux_24x.png
[2019.07.12-20.36.59:685][  0]LogStreaming: Warning: Failed to read file '../../../Engine/Content/Editor/Slate/Launcher/Linux/Platform_Linux_128x.png' error.
[2019.07.12-20.36.59:685][  0]LogSlate: Could not find file for Slate resource: ../../../Engine/Content/Editor/Slate/Launcher/Linux/Platform_Linux_128x.png
[2019.07.12-20.36.59:685][  0]LogStreaming: Warning: Failed to read file '../../../Engine/Content/Editor/Slate/Launcher/Linux/Platform_Linux_128x.png' error.
[2019.07.12-20.36.59:685][  0]LogSlate: Could not find file for Slate resource: ../../../Engine/Content/Editor/Slate/Launcher/Linux/Platform_Linux_128x.png
[2019.07.12-20.37.00:064][  0]LogTcpMessaging: Initializing TcpMessaging bridge
[2019.07.12-20.37.00:078][  0]LogUdpMessaging: Initializing bridge on interface 0.0.0.0:0 to multicast group 230.0.0.1:6666.
[2019.07.12-20.37.00:523][  0]LogStreaming: Warning: Failed to read file '../../../Engine/Content/Editor/Slate/Launcher/Mac/Platform_Mac_24x.png' error.
[2019.07.12-20.37.00:523][  0]LogSlate: Could not find file for Slate resource: ../../../Engine/Content/Editor/Slate/Launcher/Mac/Platform_Mac_24x.png
[2019.07.12-20.37.00:523][  0]LogStreaming: Warning: Failed to read file '../../../Engine/Content/Editor/Slate/Launcher/Mac/Platform_Mac_128x.png' error.
[2019.07.12-20.37.00:523][  0]LogSlate: Could not find file for Slate resource: ../../../Engine/Content/Editor/Slate/Launcher/Mac/Platform_Mac_128x.png
[2019.07.12-20.37.00:523][  0]LogStreaming: Warning: Failed to read file '../../../Engine/Content/Editor/Slate/Launcher/Mac/Platform_Mac_128x.png' error.
[2019.07.12-20.37.00:523][  0]LogSlate: Could not find file for Slate resource: ../../../Engine/Content/Editor/Slate/Launcher/Mac/Platform_Mac_128x.png
[2019.07.12-20.37.00:523][  0]LogStreaming: Warning: Failed to read file '../../../Engine/Content/Editor/Slate/Launcher/Mac/Platform_Mac_24x.png' error.
[2019.07.12-20.37.00:523][  0]LogSlate: Could not find file for Slate resource: ../../../Engine/Content/Editor/Slate/Launcher/Mac/Platform_Mac_24x.png
[2019.07.12-20.37.00:523][  0]LogStreaming: Warning: Failed to read file '../../../Engine/Content/Editor/Slate/Launcher/Mac/Platform_Mac_128x.png' error.
[2019.07.12-20.37.00:523][  0]LogSlate: Could not find file for Slate resource: ../../../Engine/Content/Editor/Slate/Launcher/Mac/Platform_Mac_128x.png
[2019.07.12-20.37.00:523][  0]LogStreaming: Warning: Failed to read file '../../../Engine/Content/Editor/Slate/Launcher/Mac/Platform_Mac_128x.png' error.
[2019.07.12-20.37.00:523][  0]LogSlate: Could not find file for Slate resource: ../../../Engine/Content/Editor/Slate/Launcher/Mac/Platform_Mac_128x.png
[2019.07.12-20.37.00:523][  0]LogStreaming: Warning: Failed to read file '../../../Engine/Content/Editor/Slate/Launcher/Mac/Platform_Mac_24x.png' error.
[2019.07.12-20.37.00:523][  0]LogSlate: Could not find file for Slate resource: ../../../Engine/Content/Editor/Slate/Launcher/Mac/Platform_Mac_24x.png
[2019.07.12-20.37.00:523][  0]LogStreaming: Warning: Failed to read file '../../../Engine/Content/Editor/Slate/Launcher/Mac/Platform_Mac_128x.png' error.
[2019.07.12-20.37.00:523][  0]LogSlate: Could not find file for Slate resource: ../../../Engine/Content/Editor/Slate/Launcher/Mac/Platform_Mac_128x.png
[2019.07.12-20.37.00:523][  0]LogStreaming: Warning: Failed to read file '../../../Engine/Content/Editor/Slate/Launcher/Mac/Platform_Mac_128x.png' error.
[2019.07.12-20.37.00:523][  0]LogSlate: Could not find file for Slate resource: ../../../Engine/Content/Editor/Slate/Launcher/Mac/Platform_Mac_128x.png
[2019.07.12-20.37.00:523][  0]LogStreaming: Warning: Failed to read file '../../../Engine/Content/Editor/Slate/Launcher/Mac/Platform_Mac_24x.png' error.
[2019.07.12-20.37.00:523][  0]LogSlate: Could not find file for Slate resource: ../../../Engine/Content/Editor/Slate/Launcher/Mac/Platform_Mac_24x.png
[2019.07.12-20.37.00:523][  0]LogStreaming: Warning: Failed to read file '../../../Engine/Content/Editor/Slate/Launcher/Mac/Platform_Mac_128x.png' error.
[2019.07.12-20.37.00:523][  0]LogSlate: Could not find file for Slate resource: ../../../Engine/Content/Editor/Slate/Launcher/Mac/Platform_Mac_128x.png
[2019.07.12-20.37.00:523][  0]LogStreaming: Warning: Failed to read file '../../../Engine/Content/Editor/Slate/Launcher/Mac/Platform_Mac_128x.png' error.
[2019.07.12-20.37.00:523][  0]LogSlate: Could not find file for Slate resource: ../../../Engine/Content/Editor/Slate/Launcher/Mac/Platform_Mac_128x.png
[2019.07.12-20.37.00:523][  0]LogStreaming: Warning: Failed to read file '../../../Engine/Content/Editor/Slate/Launcher/Linux/Platform_Linux_24x.png' error.
[2019.07.12-20.37.00:523][  0]LogSlate: Could not find file for Slate resource: ../../../Engine/Content/Editor/Slate/Launcher/Linux/Platform_Linux_24x.png
[2019.07.12-20.37.00:523][  0]LogStreaming: Warning: Failed to read file '../../../Engine/Content/Editor/Slate/Launcher/Linux/Platform_Linux_128x.png' error.
[2019.07.12-20.37.00:523][  0]LogSlate: Could not find file for Slate resource: ../../../Engine/Content/Editor/Slate/Launcher/Linux/Platform_Linux_128x.png
[2019.07.12-20.37.00:523][  0]LogStreaming: Warning: Failed to read file '../../../Engine/Content/Editor/Slate/Launcher/Linux/Platform_Linux_128x.png' error.
[2019.07.12-20.37.00:523][  0]LogSlate: Could not find file for Slate resource: ../../../Engine/Content/Editor/Slate/Launcher/Linux/Platform_Linux_128x.png
[2019.07.12-20.37.00:523][  0]LogStreaming: Warning: Failed to read file '../../../Engine/Content/Editor/Slate/Launcher/Linux/Platform_Linux_24x.png' error.
[2019.07.12-20.37.00:523][  0]LogSlate: Could not find file for Slate resource: ../../../Engine/Content/Editor/Slate/Launcher/Linux/Platform_Linux_24x.png
[2019.07.12-20.37.00:523][  0]LogStreaming: Warning: Failed to read file '../../../Engine/Content/Editor/Slate/Launcher/Linux/Platform_Linux_128x.png' error.
[2019.07.12-20.37.00:523][  0]LogSlate: Could not find file for Slate resource: ../../../Engine/Content/Editor/Slate/Launcher/Linux/Platform_Linux_128x.png
[2019.07.12-20.37.00:523][  0]LogStreaming: Warning: Failed to read file '../../../Engine/Content/Editor/Slate/Launcher/Linux/Platform_Linux_128x.png' error.
[2019.07.12-20.37.00:523][  0]LogSlate: Could not find file for Slate resource: ../../../Engine/Content/Editor/Slate/Launcher/Linux/Platform_Linux_128x.png
[2019.07.12-20.37.00:523][  0]LogStreaming: Warning: Failed to read file '../../../Engine/Content/Editor/Slate/Launcher/Linux/Platform_Linux_24x.png' error.
[2019.07.12-20.37.00:523][  0]LogSlate: Could not find file for Slate resource: ../../../Engine/Content/Editor/Slate/Launcher/Linux/Platform_Linux_24x.png
[2019.07.12-20.37.00:523][  0]LogStreaming: Warning: Failed to read file '../../../Engine/Content/Editor/Slate/Launcher/Linux/Platform_Linux_128x.png' error.
[2019.07.12-20.37.00:523][  0]LogSlate: Could not find file for Slate resource: ../../../Engine/Content/Editor/Slate/Launcher/Linux/Platform_Linux_128x.png
[2019.07.12-20.37.00:523][  0]LogStreaming: Warning: Failed to read file '../../../Engine/Content/Editor/Slate/Launcher/Linux/Platform_Linux_128x.png' error.
[2019.07.12-20.37.00:523][  0]LogSlate: Could not find file for Slate resource: ../../../Engine/Content/Editor/Slate/Launcher/Linux/Platform_Linux_128x.png
[2019.07.12-20.37.00:523][  0]LogStreaming: Warning: Failed to read file '../../../Engine/Content/Editor/Slate/Launcher/Linux/Platform_Linux_24x.png' error.
[2019.07.12-20.37.00:524][  0]LogSlate: Could not find file for Slate resource: ../../../Engine/Content/Editor/Slate/Launcher/Linux/Platform_Linux_24x.png
[2019.07.12-20.37.00:524][  0]LogStreaming: Warning: Failed to read file '../../../Engine/Content/Editor/Slate/Launcher/Linux/Platform_Linux_128x.png' error.
[2019.07.12-20.37.00:524][  0]LogSlate: Could not find file for Slate resource: ../../../Engine/Content/Editor/Slate/Launcher/Linux/Platform_Linux_128x.png
[2019.07.12-20.37.00:524][  0]LogStreaming: Warning: Failed to read file '../../../Engine/Content/Editor/Slate/Launcher/Linux/Platform_Linux_128x.png' error.
[2019.07.12-20.37.00:524][  0]LogSlate: Could not find file for Slate resource: ../../../Engine/Content/Editor/Slate/Launcher/Linux/Platform_Linux_128x.png
[2019.07.12-20.37.00:609][  0]SourceControl: Source control is disabled
[2019.07.12-20.37.00:609][  0]SourceControl: Source control is disabled
[2019.07.12-20.37.00:610][  0]SourceControl: Source control is disabled
[2019.07.12-20.37.00:611][  0]SourceControl: Source control is disabled
[2019.07.12-20.37.00:780][  0]LogAndroidPermission: UAndroidPermissionCallbackProxy::GetInstance
[2019.07.12-20.37.00:854][  0]LogOcInput: OculusInput pre-init called
[2019.07.12-20.37.00:991][  0]LogEngine: Initializing Engine...
[2019.07.12-20.37.01:003][  0]LogMagicLeap: Display: Creating FMagicLeapCustomPresentVulkan
[2019.07.12-20.37.01:003][  0]LogMagicLeap: MagicLeap initialized.
[2019.07.12-20.37.01:004][  0]LogStats: UGameplayTagsManager::ConstructGameplayTagTree: ImportINI prefixes -  0.000 s
[2019.07.12-20.37.01:004][  0]LogStats: UGameplayTagsManager::ConstructGameplayTagTree: Construct from data asset -  0.000 s
[2019.07.12-20.37.01:004][  0]LogStats: UGameplayTagsManager::ConstructGameplayTagTree: ImportINI -  0.000 s
[2019.07.12-20.37.01:004][  0]LogStats: UGameplayTagsManager::ConstructGameplayTagTree: GameplayTagTreeChangedEvent.Broadcast -  0.000 s
[2019.07.12-20.37.01:266][  0]LogInit: Initializing FReadOnlyCVARCache
[2019.07.12-20.37.01:274][  0]LogAIModule: Creating AISystem for world Untitled
[2019.07.12-20.37.01:289][  0]LogInit: XAudio2 using 'Speakers / Headphones (Realtek(R) Audio)' : 2 channels at 48 kHz using 32 bits per sample (channel mask 0x3)
[2019.07.12-20.37.01:303][  0]LogInit: FAudioDevice initialized.
[2019.07.12-20.37.01:304][  0]LogNetVersion: Set ProjectVersion to 1.0.0.0. Version Checksum will be recalculated on next use.
[2019.07.12-20.37.01:355][  0]LogDerivedDataCache: Saved boot cache 0.05s 115MB ../../../../../Users/NuiLab01/Documents/Unreal Projects/AR_Elicitation/AR_Elicitation_Study/AR_Elicitation/DerivedDataCache/Boot.ddc.
[2019.07.12-20.37.01:361][  0]LogInit: Texture streaming: Enabled
[2019.07.12-20.37.01:372][  0]LogEngineSessionManager: EngineSessionManager initialized
[2019.07.12-20.37.01:372][  0]LogEngineSessionManager: EngineSessionManager sent abnormal shutdown report. Type=AbnormalShutdown, SessionId={4CFA631C-43C2-1908-369D-1DB3DA96130C}
[2019.07.12-20.37.06:432][  0]LogInit: Transaction tracking system initialized
[2019.07.12-20.37.06:453][  0]BlueprintLog: New page: Editor Load
[2019.07.12-20.37.06:508][  0]LocalizationService: Localization service is disabled
[2019.07.12-20.37.07:048][  0]LogFileCache: Scanning file cache for directory 'C:/Users/NuiLab01/Documents/Unreal Projects/AR_Elicitation/AR_Elicitation_Study/AR_Elicitation/Content/' took 0.01s
[2019.07.12-20.37.07:048][  0]LogCook: Display: Max memory allowance for cook 16384mb min free memory 0mb
[2019.07.12-20.37.07:048][  0]LogCook: Display: Mobile HDR setting 1
[2019.07.12-20.37.07:048][  0]LogGameplayTags: Display: UGameplayTagsManager::DoneAddingNativeTags. DelegateIsBound: 0
[2019.07.12-20.37.07:048][  0]LogStats: UGameplayTagsManager::ConstructGameplayTagTree: ImportINI prefixes -  0.000 s
[2019.07.12-20.37.07:048][  0]LogStats: UGameplayTagsManager::ConstructGameplayTagTree: Construct from data asset -  0.000 s
[2019.07.12-20.37.07:048][  0]LogStats: UGameplayTagsManager::ConstructGameplayTagTree: ImportINI -  0.000 s
[2019.07.12-20.37.07:048][  0]LogStats: UGameplayTagsManager::ConstructGameplayTagTree: GameplayTagTreeChangedEvent.Broadcast -  0.000 s
[2019.07.12-20.37.07:158][  0]SourceControl: Source control is disabled
[2019.07.12-20.37.07:158][  0]Cmd: MAP LOAD FILE="../../../../../Users/NuiLab01/Documents/Unreal Projects/AR_Elicitation/AR_Elicitation_Study/AR_Elicitation/Content/Maps/MapInstructions.umap" TEMPLATE=0 SHOWPROGRESS=1 FEATURELEVEL=3
[2019.07.12-20.37.07:158][  0]LightingResults: New page: Lighting Build
[2019.07.12-20.37.07:168][  0]MapCheck: New page: Map Check
[2019.07.12-20.37.07:168][  0]LightingResults: New page: Lighting Build
[2019.07.12-20.37.07:192][  0]LogUObjectHash: Compacting FUObjectHashTables data took   1.14ms
[2019.07.12-20.37.07:541][  0]LogAIModule: Creating AISystem for world MapInstructions
[2019.07.12-20.37.07:544][  0]LogEditorServer: Finished looking for orphan Actors (0.000 secs)
[2019.07.12-20.37.07:567][  0]LogUObjectHash: Compacting FUObjectHashTables data took   1.70ms
[2019.07.12-20.37.07:567][  0]Cmd: MAP CHECKDEP NOCLEARLOG
[2019.07.12-20.37.07:567][  0]MapCheck: Map check complete: 0 Error(s), 0 Warning(s), took 0.119ms to complete.
[2019.07.12-20.37.07:567][  0]LogFileHelpers: Loading map 'MapInstructions' took 0.410
[2019.07.12-20.37.07:662][  0]LogSlate: Updating window title bar state: overlay mode, drag disabled, window buttons hidden, title bar hidden
[2019.07.12-20.37.07:668][  0]LogSlate: Updating window title bar state: overlay mode, drag disabled, window buttons hidden, title bar hidden
[2019.07.12-20.37.07:673][  0]LogSlate: Updating window title bar state: overlay mode, drag disabled, window buttons hidden, title bar hidden
[2019.07.12-20.37.07:679][  0]LogSlate: Updating window title bar state: overlay mode, drag disabled, window buttons hidden, title bar hidden
[2019.07.12-20.37.07:684][  0]LogCollectionManager: Loaded 0 collections in 0.000908 seconds
[2019.07.12-20.37.07:700][  0]LogFileCache: Scanning file cache for directory 'C:/Users/NuiLab01/Documents/Unreal Projects/AR_Elicitation/AR_Elicitation_Study/AR_Elicitation/Saved/Collections/' took 0.01s
[2019.07.12-20.37.07:700][  0]LogFileCache: Scanning file cache for directory 'C:/Users/NuiLab01/Documents/Unreal Projects/AR_Elicitation/AR_Elicitation_Study/AR_Elicitation/Content/Developers/NuiLab01/Collections/' took 0.00s
[2019.07.12-20.37.07:700][  0]LogFileCache: Scanning file cache for directory 'C:/Users/NuiLab01/Documents/Unreal Projects/AR_Elicitation/AR_Elicitation_Study/AR_Elicitation/Content/Collections/' took 0.00s
[2019.07.12-20.37.07:700][  0]LogCollectionManager: Rebuilt the GUID cache for 0 collections in 0.000000 seconds
[2019.07.12-20.37.07:707][  0]LogContentBrowser: Native class hierarchy populated in 0.0070 seconds. Added 2702 classes and 625 folders.
[2019.07.12-20.37.07:713][  0]LogContentBrowser: Native class hierarchy updated for 'WidgetCarousel' in 0.0003 seconds. Added 0 classes and 0 folders.
[2019.07.12-20.37.07:715][  0]LogPakFile: Registered encryption key '00000000000000000000000000000000': 0 pak files mounted, 0 remain pending
[2019.07.12-20.37.07:715][  0]LogPakFile: Registered encryption key '00000000000000000000000000000000': 0 pak files mounted, 0 remain pending
[2019.07.12-20.37.07:716][  0]LogPakFile: Registered encryption key '00000000000000000000000000000000': 0 pak files mounted, 0 remain pending
[2019.07.12-20.37.07:716][  0]LogPakFile: Registered encryption key '00000000000000000000000000000000': 0 pak files mounted, 0 remain pending
[2019.07.12-20.37.07:717][  0]LogPakFile: Registered encryption key '00000000000000000000000000000000': 0 pak files mounted, 0 remain pending
[2019.07.12-20.37.07:717][  0]LogPakFile: Registered encryption key '00000000000000000000000000000000': 0 pak files mounted, 0 remain pending
[2019.07.12-20.37.07:717][  0]LogPakFile: Registered encryption key '00000000000000000000000000000000': 0 pak files mounted, 0 remain pending
[2019.07.12-20.37.07:718][  0]LogPakFile: Registered encryption key '00000000000000000000000000000000': 0 pak files mounted, 0 remain pending
[2019.07.12-20.37.07:718][  0]LogPakFile: Registered encryption key '00000000000000000000000000000000': 0 pak files mounted, 0 remain pending
[2019.07.12-20.37.07:719][  0]LogPakFile: Registered encryption key '00000000000000000000000000000000': 0 pak files mounted, 0 remain pending
[2019.07.12-20.37.07:719][  0]LogPakFile: Registered encryption key '00000000000000000000000000000000': 0 pak files mounted, 0 remain pending
[2019.07.12-20.37.07:719][  0]LogPakFile: Registered encryption key '00000000000000000000000000000000': 0 pak files mounted, 0 remain pending
[2019.07.12-20.37.07:720][  0]LogPakFile: Registered encryption key '00000000000000000000000000000000': 0 pak files mounted, 0 remain pending
[2019.07.12-20.37.07:720][  0]LogPakFile: Registered encryption key '00000000000000000000000000000000': 0 pak files mounted, 0 remain pending
[2019.07.12-20.37.07:720][  0]LogPakFile: Registered encryption key '00000000000000000000000000000000': 0 pak files mounted, 0 remain pending
[2019.07.12-20.37.07:721][  0]LogPakFile: Registered encryption key '00000000000000000000000000000000': 0 pak files mounted, 0 remain pending
[2019.07.12-20.37.07:721][  0]LogPakFile: Registered encryption key '00000000000000000000000000000000': 0 pak files mounted, 0 remain pending
[2019.07.12-20.37.07:721][  0]LogPakFile: Registered encryption key '00000000000000000000000000000000': 0 pak files mounted, 0 remain pending
[2019.07.12-20.37.07:722][  0]LogPakFile: Registered encryption key '00000000000000000000000000000000': 0 pak files mounted, 0 remain pending
[2019.07.12-20.37.07:722][  0]LogPakFile: Registered encryption key '00000000000000000000000000000000': 0 pak files mounted, 0 remain pending
[2019.07.12-20.37.07:723][  0]LogPakFile: Registered encryption key '00000000000000000000000000000000': 0 pak files mounted, 0 remain pending
[2019.07.12-20.37.07:723][  0]LogPakFile: Registered encryption key '00000000000000000000000000000000': 0 pak files mounted, 0 remain pending
[2019.07.12-20.37.07:723][  0]LogPakFile: Registered encryption key '00000000000000000000000000000000': 0 pak files mounted, 0 remain pending
[2019.07.12-20.37.07:724][  0]LogPakFile: Registered encryption key '00000000000000000000000000000000': 0 pak files mounted, 0 remain pending
[2019.07.12-20.37.07:724][  0]LogPakFile: Registered encryption key '00000000000000000000000000000000': 0 pak files mounted, 0 remain pending
[2019.07.12-20.37.07:724][  0]LogPakFile: Registered encryption key '00000000000000000000000000000000': 0 pak files mounted, 0 remain pending
[2019.07.12-20.37.07:745][  0]LogContentBrowser: Native class hierarchy updated for 'AddContentDialog' in 0.0003 seconds. Added 0 classes and 0 folders.
[2019.07.12-20.37.07:751][  0]LogContentBrowser: Native class hierarchy updated for 'SceneOutliner' in 0.0003 seconds. Added 1 classes and 2 folders.
[2019.07.12-20.37.07:793][  0]LogVulkanRHI: Display: Requested PixelFormat 18 not supported by this swapchain! Falling back to supported swapchain format...
[2019.07.12-20.37.07:793][  0]LogVulkanRHI: Display: Queue Family 0: Supports Present
[2019.07.12-20.37.07:793][  0]LogVulkanRHI: Display: Queue Family 0: Supports Present
[2019.07.12-20.37.07:793][  0]LogVulkanRHI: Display: Found 3 Surface present modes:
[2019.07.12-20.37.07:793][  0]LogVulkanRHI: Display: - VK_PRESENT_MODE_FIFO_KHR (2)
[2019.07.12-20.37.07:793][  0]LogVulkanRHI: Display: - VkPresentModeKHR 3
[2019.07.12-20.37.07:793][  0]LogVulkanRHI: Display: - VK_PRESENT_MODE_MAILBOX_KHR (1)
[2019.07.12-20.37.07:793][  0]LogVulkanRHI: Display: Selected VkPresentModeKHR mode 1
[2019.07.12-20.37.07:826][  0]LogSlate: Took 0.000114 seconds to synchronously load lazily loaded font '../../../Engine/Content/Slate/Fonts/Roboto-Regular.ttf' (155K)
[2019.07.12-20.37.07:828][  0]LogSlate: Took 0.000111 seconds to synchronously load lazily loaded font '../../../Engine/Content/Slate/Fonts/Roboto-Bold.ttf' (160K)
[2019.07.12-20.37.07:831][  0]LogSlate: Took 0.000098 seconds to synchronously load lazily loaded font '../../../Engine/Content/Editor/Slate/Fonts/FontAwesome.ttf' (139K)
[2019.07.12-20.37.07:833][  0]LogSlate: Took 0.000076 seconds to synchronously load lazily loaded font '../../../Engine/Content/Slate/Fonts/DroidSansMono.ttf' (77K)
[2019.07.12-20.37.07:949][  0]LogRenderer: Reallocating scene render targets to support 880x808 Format 10 NumSamples 1 (Frame:1).
[2019.07.12-20.37.08:130][  0]LogContentBrowser: Native class hierarchy updated for 'HierarchicalLODOutliner' in 0.0003 seconds. Added 0 classes and 0 folders.
[2019.07.12-20.37.08:132][  0]LogLoad: (Engine Initialization) Total time: 13.06 seconds
[2019.07.12-20.37.08:132][  0]LogLoad: (Engine Initialization) Total Blueprint compile time: 0.00 seconds
[2019.07.12-20.37.08:144][  0]LogWindowsTextInputMethodSystem: Display: IME system now deactivated.
[2019.07.12-20.37.08:188][  0]LogContentStreaming: Texture pool size now 1000 MB
[2019.07.12-20.37.08:302][  2]LogAssetRegistry: Asset discovery search completed in 9.7924 seconds
[2019.07.12-20.37.08:303][  2]LogCollectionManager: Rebuilt the object cache for 0 collections in 0.000001 seconds (found 0 objects)
[2019.07.12-20.37.08:304][  2]LogCollectionManager: Fixed up redirectors for 0 collections in 0.000204 seconds (updated 0 objects)
[2019.07.12-20.37.10:753][196]LogSlate: FSceneViewport::OnFocusLost() reason 0
[2019.07.12-20.37.10:869][206]LogTemp: Repeating last play command: VR Preview
[2019.07.12-20.37.15:936][206]LogBlueprintUserMessages: Early PlayInEditor Detection: Level '/Game/Maps/MapInstructions.MapInstructions:PersistentLevel' has LevelScriptBlueprint '/Game/Maps/MapInstructions.MapInstructions:PersistentLevel.MapInstructions' with GeneratedClass '/Game/Maps/MapInstructions.MapInstructions_C' with ClassGeneratedBy '/Game/Maps/MapInstructions.MapInstructions:PersistentLevel.MapInstructions'
[2019.07.12-20.37.15:937][206]LogPlayLevel: PlayLevel: No blueprints needed recompiling
